This is pdfTeX, Version 3.141592653-2.6-1.40.27 (MiKTeX 25.4) (preloaded format=pdflatex 2025.4.28)  12 JUN 2025 22:52
entering extended mode
 restricted \write18 enabled.
 file:line:error style messages enabled.
 %&-line parsing enabled.
**"c:/Users/daredevil769/Documents/Emprendimiento/Libro emprendimiento/Emprendimiento-Latex/main.tex"
(c:/Users/daredevil769/Documents/Emprendimiento/Libro emprendimiento/Emprendimiento-Latex/main.tex
LaTeX2e <2024-11-01> patch level 2
L3 programming layer <2025-03-26>
(C:\Users\daredevil769\AppData\Local\Programs\MiKTeX\tex/latex/apa6\apa6.cls
Document Class: apa6 2023/08/07 v2.35 APA formatting (6th edition)
(C:\Users\daredevil769\AppData\Local\Programs\MiKTeX\tex/latex/base\article.cls
Document Class: article 2024/06/29 v1.4n Standard LaTeX document class
(C:\Users\daredevil769\AppData\Local\Programs\MiKTeX\tex/latex/base\size12.clo
File: size12.clo 2024/06/29 v1.4n Standard LaTeX file (size option)
)
\c@part=\count197
\c@section=\count198
\c@subsection=\count199
\c@subsubsection=\count266
\c@paragraph=\count267
\c@subparagraph=\count268
\c@figure=\count269
\c@table=\count270
\abovecaptionskip=\skip49
\belowcaptionskip=\skip50
\bibindent=\dimen146
) (C:\Users\daredevil769\AppData\Local\Programs\MiKTeX\tex/latex/etoolbox\etoolbox.sty
Package: etoolbox 2025/02/11 v2.5l e-TeX tools for LaTeX (JAW)
\etb@tempcnta=\count271
)
Class apa6 Info: No bibliography package was specified; defaulting to (but not loading) Biblatex on input line 213.
 (C:\Users\daredevil769\AppData\Local\Programs\MiKTeX\tex/latex/lm\lmodern.sty
Package: lmodern 2015/05/01 v1.6.1 Latin Modern Fonts
LaTeX Font Info:    Overwriting symbol font `operators' in version `normal'
(Font)                  OT1/cmr/m/n --> OT1/lmr/m/n on input line 22.
LaTeX Font Info:    Overwriting symbol font `letters' in version `normal'
(Font)                  OML/cmm/m/it --> OML/lmm/m/it on input line 23.
LaTeX Font Info:    Overwriting symbol font `symbols' in version `normal'
(Font)                  OMS/cmsy/m/n --> OMS/lmsy/m/n on input line 24.
LaTeX Font Info:    Overwriting symbol font `largesymbols' in version `normal'
(Font)                  OMX/cmex/m/n --> OMX/lmex/m/n on input line 25.
LaTeX Font Info:    Overwriting symbol font `operators' in version `bold'
(Font)                  OT1/cmr/bx/n --> OT1/lmr/bx/n on input line 26.
LaTeX Font Info:    Overwriting symbol font `letters' in version `bold'
(Font)                  OML/cmm/b/it --> OML/lmm/b/it on input line 27.
LaTeX Font Info:    Overwriting symbol font `symbols' in version `bold'
(Font)                  OMS/cmsy/b/n --> OMS/lmsy/b/n on input line 28.
LaTeX Font Info:    Overwriting symbol font `largesymbols' in version `bold'
(Font)                  OMX/cmex/m/n --> OMX/lmex/m/n on input line 29.
LaTeX Font Info:    Overwriting math alphabet `\mathbf' in version `normal'
(Font)                  OT1/cmr/bx/n --> OT1/lmr/bx/n on input line 31.
LaTeX Font Info:    Overwriting math alphabet `\mathsf' in version `normal'
(Font)                  OT1/cmss/m/n --> OT1/lmss/m/n on input line 32.
LaTeX Font Info:    Overwriting math alphabet `\mathit' in version `normal'
(Font)                  OT1/cmr/m/it --> OT1/lmr/m/it on input line 33.
LaTeX Font Info:    Overwriting math alphabet `\mathtt' in version `normal'
(Font)                  OT1/cmtt/m/n --> OT1/lmtt/m/n on input line 34.
LaTeX Font Info:    Overwriting math alphabet `\mathbf' in version `bold'
(Font)                  OT1/cmr/bx/n --> OT1/lmr/bx/n on input line 35.
LaTeX Font Info:    Overwriting math alphabet `\mathsf' in version `bold'
(Font)                  OT1/cmss/bx/n --> OT1/lmss/bx/n on input line 36.
LaTeX Font Info:    Overwriting math alphabet `\mathit' in version `bold'
(Font)                  OT1/cmr/bx/it --> OT1/lmr/bx/it on input line 37.
LaTeX Font Info:    Overwriting math alphabet `\mathtt' in version `bold'
(Font)                  OT1/cmtt/m/n --> OT1/lmtt/m/n on input line 38.
) (C:\Users\daredevil769\AppData\Local\Programs\MiKTeX\tex/latex/base\fontenc.sty
Package: fontenc 2021/04/29 v2.0v Standard LaTeX package
LaTeX Font Info:    Trying to load font information for T1+lmr on input line 116.
 (C:\Users\daredevil769\AppData\Local\Programs\MiKTeX\tex/latex/lm\t1lmr.fd
File: t1lmr.fd 2015/05/01 v1.6.1 Font defs for Latin Modern
)) (C:\Users\daredevil769\AppData\Local\Programs\MiKTeX\tex/latex/geometry\geometry.sty
Package: geometry 2020/01/02 v5.9 Page Geometry
 (C:\Users\daredevil769\AppData\Local\Programs\MiKTeX\tex/latex/graphics\keyval.sty
Package: keyval 2022/05/29 v1.15 key=value parser (DPC)
\KV@toks@=\toks17
) (C:\Users\daredevil769\AppData\Local\Programs\MiKTeX\tex/generic/iftex\ifvtex.sty
Package: ifvtex 2019/10/25 v1.7 ifvtex legacy package. Use iftex instead.
 (C:\Users\daredevil769\AppData\Local\Programs\MiKTeX\tex/generic/iftex\iftex.sty
Package: iftex 2024/12/12 v1.0g TeX engine tests
))
\Gm@cnth=\count272
\Gm@cntv=\count273
\c@Gm@tempcnt=\count274
\Gm@bindingoffset=\dimen147
\Gm@wd@mp=\dimen148
\Gm@odd@mp=\dimen149
\Gm@even@mp=\dimen150
\Gm@layoutwidth=\dimen151
\Gm@layoutheight=\dimen152
\Gm@layouthoffset=\dimen153
\Gm@layoutvoffset=\dimen154
\Gm@dimlist=\toks18
 (C:\Users\daredevil769\AppData\Local\Programs\MiKTeX\tex/latex/geometry\geometry.cfg)) (C:\Users\daredevil769\AppData\Local\Programs\MiKTeX\tex/latex/graphics\graphicx.sty
Package: graphicx 2021/09/16 v1.2d Enhanced LaTeX Graphics (DPC,SPQR)
 (C:\Users\daredevil769\AppData\Local\Programs\MiKTeX\tex/latex/graphics\graphics.sty
Package: graphics 2024/08/06 v1.4g Standard LaTeX Graphics (DPC,SPQR)
 (C:\Users\daredevil769\AppData\Local\Programs\MiKTeX\tex/latex/graphics\trig.sty
Package: trig 2023/12/02 v1.11 sin cos tan (DPC)
) (C:\Users\daredevil769\AppData\Local\Programs\MiKTeX\tex/latex/graphics-cfg\graphics.cfg
File: graphics.cfg 2016/06/04 v1.11 sample graphics configuration
)
Package graphics Info: Driver file: pdftex.def on input line 106.
 (C:\Users\daredevil769\AppData\Local\Programs\MiKTeX\tex/latex/graphics-def\pdftex.def
File: pdftex.def 2024/04/13 v1.2c Graphics/color driver for pdftex
))
\Gin@req@height=\dimen155
\Gin@req@width=\dimen156
) (C:\Users\daredevil769\AppData\Local\Programs\MiKTeX\tex/generic/gettitlestring\gettitlestring.sty
Package: gettitlestring 2019/12/15 v1.6 Cleanup title references (HO)
 (C:\Users\daredevil769\AppData\Local\Programs\MiKTeX\tex/latex/kvoptions\kvoptions.sty
Package: kvoptions 2022-06-15 v3.15 Key value format for package options (HO)
 (C:\Users\daredevil769\AppData\Local\Programs\MiKTeX\tex/generic/ltxcmds\ltxcmds.sty
Package: ltxcmds 2023-12-04 v1.26 LaTeX kernel commands for general use (HO)
) (C:\Users\daredevil769\AppData\Local\Programs\MiKTeX\tex/latex/kvsetkeys\kvsetkeys.sty
Package: kvsetkeys 2022-10-05 v1.19 Key value parser (HO)
))) (C:\Users\daredevil769\AppData\Local\Programs\MiKTeX\tex/latex/booktabs\booktabs.sty
Package: booktabs 2020/01/12 v1.61803398 Publication quality tables
\heavyrulewidth=\dimen157
\lightrulewidth=\dimen158
\cmidrulewidth=\dimen159
\belowrulesep=\dimen160
\belowbottomsep=\dimen161
\aboverulesep=\dimen162
\abovetopsep=\dimen163
\cmidrulesep=\dimen164
\cmidrulekern=\dimen165
\defaultaddspace=\dimen166
\@cmidla=\count275
\@cmidlb=\count276
\@aboverulesep=\dimen167
\@belowrulesep=\dimen168
\@thisruleclass=\count277
\@lastruleclass=\count278
\@thisrulewidth=\dimen169
) (C:\Users\daredevil769\AppData\Local\Programs\MiKTeX\tex/latex/threeparttable\threeparttable.sty
Package: threeparttable 2003/06/13  v 3.0
\@tempboxb=\box53
)
\b@level@one@skip=\skip51
\e@level@one@skip=\skip52
\b@level@two@skip=\skip53
\e@level@two@skip=\skip54
\b@level@three@skip=\skip55
\e@level@three@skip=\skip56
\b@level@four@skip=\skip57
\e@level@four@skip=\skip58
\b@level@five@skip=\skip59
\e@level@five@skip=\skip60
 (C:\Users\daredevil769\AppData\Local\Programs\MiKTeX\tex/latex/caption\caption.sty
Package: caption 2023/08/05 v3.6o Customizing captions (AR)
 (C:\Users\daredevil769\AppData\Local\Programs\MiKTeX\tex/latex/caption\caption3.sty
Package: caption3 2023/07/31 v2.4d caption3 kernel (AR)
\caption@tempdima=\dimen170
\captionmargin=\dimen171
\caption@leftmargin=\dimen172
\caption@rightmargin=\dimen173
\caption@width=\dimen174
\caption@indent=\dimen175
\caption@parindent=\dimen176
\caption@hangindent=\dimen177
Package caption Info: Standard document class detected.
)
\c@caption@flags=\count279
\c@continuedfloat=\count280
Package caption Info: threeparttable package is loaded.
)
\c@APAenum=\count281
\@text@par@indent=\skip61
\gr@box=\box54
\gr@boxwidth=\skip62
\gr@boxheight=\skip63
 (C:\Users\daredevil769\AppData\Local\Programs\MiKTeX\tex/latex/tools\bm.sty
Package: bm 2023/12/19 v1.2f Bold Symbol Support (DPC/FMi)
\symboldoperators=\mathgroup4
\symboldletters=\mathgroup5
\symboldsymbols=\mathgroup6
Package bm Info: No bold for \OMX/lmex/m/n, using \pmb.
LaTeX Font Info:    Redeclaring math alphabet \mathbf on input line 149.
)
\c@appendix=\count282
 (C:\Users\daredevil769\AppData\Local\Programs\MiKTeX\tex/latex/fancyhdr\fancyhdr.sty
Package: fancyhdr 2025/02/07 v5.2 Extensive control of page headers and footers
\f@nch@headwidth=\skip64
\f@nch@offset@elh=\skip65
\f@nch@offset@erh=\skip66
\f@nch@offset@olh=\skip67
\f@nch@offset@orh=\skip68
\f@nch@offset@elf=\skip69
\f@nch@offset@erf=\skip70
\f@nch@offset@olf=\skip71
\f@nch@offset@orf=\skip72
\f@nch@height=\skip73
\f@nch@footalignment=\skip74
\f@nch@widthL=\skip75
\f@nch@widthC=\skip76
\f@nch@widthR=\skip77
\@temptokenb=\toks19
) (C:\Users\daredevil769\AppData\Local\Programs\MiKTeX\tex/latex/endfloat\endfloat.sty
Package: endfloat 2019/04/15 v2.7 LaTeX2e package puts figures and tables at end (jdm)
\c@posttable=\count283
\efloat@postttt=\write3
\@ef@tttopen=\count284
\c@postfigure=\count285
\efloat@postfff=\write4
\@ef@fffopen=\count286
)) (C:\Users\daredevil769\AppData\Local\Programs\MiKTeX\tex/generic/babel\babel.sty
Package: babel 2025/04/14 v25.7 The multilingual framework for pdfLaTeX, LuaLaTeX and XeLaTeX
\babel@savecnt=\count287
\U@D=\dimen178
\l@unhyphenated=\language79
 (C:\Users\daredevil769\AppData\Local\Programs\MiKTeX\tex/generic/babel\txtbabel.def)
\bbl@readstream=\read2
\bbl@dirlevel=\count288

*************************************
* Local config file bblopts.cfg used
*
(C:\Users\daredevil769\AppData\Local\Programs\MiKTeX\tex/latex/arabi\bblopts.cfg
File: bblopts.cfg 2005/09/08 v0.1 add Arabic and Farsi to "declared" options of babel
) (C:\Users\daredevil769\AppData\Local\Programs\MiKTeX\tex/latex/babel-spanish\spanish.ldf
Language: spanish.ldf 2021/05/27 v5.0q Spanish support from the babel system
\es@quottoks=\toks20
\es@quotdepth=\count289
Package babel Info: Making " an active character on input line 570.
Package babel Info: Making . an active character on input line 675.
Package babel Info: Making < an active character on input line 722.
Package babel Info: Making > an active character on input line 722.
)) (C:\Users\daredevil769\AppData\Local\Programs\MiKTeX\tex/generic/babel/locale/es\babel-spanish.tex
Package babel Info: Importing font and identification data for spanish
(babel)             from babel-es.ini. Reported on input line 11.
) (C:\Users\daredevil769\AppData\Local\Programs\MiKTeX\tex/latex/base\inputenc.sty
Package: inputenc 2024/02/08 v1.3d Input encoding file
\inpenc@prehook=\toks21
\inpenc@posthook=\toks22
) (C:\Users\daredevil769\AppData\Local\Programs\MiKTeX\tex/latex/epstopdf-pkg\epstopdf.sty
Package: epstopdf 2020-01-24 v2.11 Conversion with epstopdf on the fly (HO)
 (C:\Users\daredevil769\AppData\Local\Programs\MiKTeX\tex/generic/infwarerr\infwarerr.sty
Package: infwarerr 2019/12/03 v1.5 Providing info/warning/error messages (HO)
) (C:\Users\daredevil769\AppData\Local\Programs\MiKTeX\tex/latex/grfext\grfext.sty
Package: grfext 2019/12/03 v1.3 Manage graphics extensions (HO)
 (C:\Users\daredevil769\AppData\Local\Programs\MiKTeX\tex/generic/kvdefinekeys\kvdefinekeys.sty
Package: kvdefinekeys 2019-12-19 v1.6 Define keys (HO)
)) (C:\Users\daredevil769\AppData\Local\Programs\MiKTeX\tex/generic/pdftexcmds\pdftexcmds.sty
Package: pdftexcmds 2020-06-27 v0.33 Utility functions of pdfTeX for LuaTeX (HO)
Package pdftexcmds Info: \pdf@primitive is available.
Package pdftexcmds Info: \pdf@ifprimitive is available.
Package pdftexcmds Info: \pdfdraftmode found.
) (C:\Users\daredevil769\AppData\Local\Programs\MiKTeX\tex/latex/epstopdf-pkg\epstopdf-base.sty
Package: epstopdf-base 2020-01-24 v2.11 Base part for package epstopdf
Package epstopdf-base Info: Redefining graphics rule for `.eps' on input line 485.
Package grfext Info: Graphics extension search list:
(grfext)             [.pdf,.png,.jpg,.mps,.jpeg,.jbig2,.jb2,.PDF,.PNG,.JPG,.JPEG,.JBIG2,.JB2,.eps]
(grfext)             \AppendGraphicsExtensions on input line 504.
 (C:\Users\daredevil769\AppData\Local\Programs\MiKTeX\tex/latex/00miktex\epstopdf-sys.cfg
File: epstopdf-sys.cfg 2021/03/18 v2.0 Configuration of epstopdf for MiKTeX
))) (C:\Users\daredevil769\AppData\Local\Programs\MiKTeX\tex/latex/csquotes\csquotes.sty
Package: csquotes 2024-04-04 v5.2o context-sensitive quotations (JAW)
\csq@reset=\count290
\csq@gtype=\count291
\csq@glevel=\count292
\csq@qlevel=\count293
\csq@maxlvl=\count294
\csq@tshold=\count295
\csq@ltx@everypar=\toks23
 (C:\Users\daredevil769\AppData\Local\Programs\MiKTeX\tex/latex/csquotes\csquotes.def
File: csquotes.def 2024-04-04 v5.2o csquotes generic definitions (JAW)
)
Package csquotes Info: Trying to load configuration file 'csquotes.cfg'...
Package csquotes Info: ... configuration file loaded successfully.
 (C:\Users\daredevil769\AppData\Local\Programs\MiKTeX\tex/latex/csquotes\csquotes.cfg
File: csquotes.cfg 
)) (C:\Users\daredevil769\AppData\Local\Programs\MiKTeX\tex/latex/hyperref\hyperref.sty
Package: hyperref 2024-11-05 v7.01l Hypertext links for LaTeX
 (C:\Users\daredevil769\AppData\Local\Programs\MiKTeX\tex/generic/pdfescape\pdfescape.sty
Package: pdfescape 2019/12/09 v1.15 Implements pdfTeX's escape features (HO)
) (C:\Users\daredevil769\AppData\Local\Programs\MiKTeX\tex/latex/hycolor\hycolor.sty
Package: hycolor 2020-01-27 v1.10 Color options for hyperref/bookmark (HO)
) (C:\Users\daredevil769\AppData\Local\Programs\MiKTeX\tex/latex/hyperref\nameref.sty
Package: nameref 2023-11-26 v2.56 Cross-referencing by name of section
 (C:\Users\daredevil769\AppData\Local\Programs\MiKTeX\tex/latex/refcount\refcount.sty
Package: refcount 2019/12/15 v3.6 Data extraction from label references (HO)
)
\c@section@level=\count296
) (C:\Users\daredevil769\AppData\Local\Programs\MiKTeX\tex/generic/stringenc\stringenc.sty
Package: stringenc 2019/11/29 v1.12 Convert strings between diff. encodings (HO)
)
\@linkdim=\dimen179
\Hy@linkcounter=\count297
\Hy@pagecounter=\count298
 (C:\Users\daredevil769\AppData\Local\Programs\MiKTeX\tex/latex/hyperref\pd1enc.def
File: pd1enc.def 2024-11-05 v7.01l Hyperref: PDFDocEncoding definition (HO)
Now handling font encoding PD1 ...
... no UTF-8 mapping file for font encoding PD1
) (C:\Users\daredevil769\AppData\Local\Programs\MiKTeX\tex/generic/intcalc\intcalc.sty
Package: intcalc 2019/12/15 v1.3 Expandable calculations with integers (HO)
)
\Hy@SavedSpaceFactor=\count299
 (C:\Users\daredevil769\AppData\Local\Programs\MiKTeX\tex/latex/hyperref\puenc.def
File: puenc.def 2024-11-05 v7.01l Hyperref: PDF Unicode definition (HO)
Now handling font encoding PU ...
... no UTF-8 mapping file for font encoding PU
)
Package hyperref Info: Hyper figures OFF on input line 4157.
Package hyperref Info: Link nesting OFF on input line 4162.
Package hyperref Info: Hyper index ON on input line 4165.
Package hyperref Info: Plain pages OFF on input line 4172.
Package hyperref Info: Backreferencing OFF on input line 4177.
Package hyperref Info: Implicit mode ON; LaTeX internals redefined.
Package hyperref Info: Bookmarks ON on input line 4424.
\c@Hy@tempcnt=\count300
 (C:\Users\daredevil769\AppData\Local\Programs\MiKTeX\tex/latex/url\url.sty
\Urlmuskip=\muskip17
Package: url 2013/09/16  ver 3.4  Verb mode for urls, etc.
)
LaTeX Info: Redefining \url on input line 4763.
\XeTeXLinkMargin=\dimen180
 (C:\Users\daredevil769\AppData\Local\Programs\MiKTeX\tex/generic/bitset\bitset.sty
Package: bitset 2019/12/09 v1.3 Handle bit-vector datatype (HO)
 (C:\Users\daredevil769\AppData\Local\Programs\MiKTeX\tex/generic/bigintcalc\bigintcalc.sty
Package: bigintcalc 2019/12/15 v1.5 Expandable calculations on big integers (HO)
))
\Fld@menulength=\count301
\Field@Width=\dimen181
\Fld@charsize=\dimen182
Package hyperref Info: Hyper figures OFF on input line 6042.
Package hyperref Info: Link nesting OFF on input line 6047.
Package hyperref Info: Hyper index ON on input line 6050.
Package hyperref Info: backreferencing OFF on input line 6057.
Package hyperref Info: Link coloring OFF on input line 6062.
Package hyperref Info: Link coloring with OCG OFF on input line 6067.
Package hyperref Info: PDF/A mode OFF on input line 6072.
 (C:\Users\daredevil769\AppData\Local\Programs\MiKTeX\tex/latex/base\atbegshi-ltx.sty
Package: atbegshi-ltx 2021/01/10 v1.0c Emulation of the original atbegshi
package with kernel methods
)
\Hy@abspage=\count302
\c@Item=\count303
\c@Hfootnote=\count304
)
Package hyperref Info: Driver (autodetected): hpdftex.
 (C:\Users\daredevil769\AppData\Local\Programs\MiKTeX\tex/latex/hyperref\hpdftex.def
File: hpdftex.def 2024-11-05 v7.01l Hyperref driver for pdfTeX
 (C:\Users\daredevil769\AppData\Local\Programs\MiKTeX\tex/latex/base\atveryend-ltx.sty
Package: atveryend-ltx 2020/08/19 v1.0a Emulation of the original atveryend package
with kernel methods
)
\Fld@listcount=\count305
\c@bookmark@seq@number=\count306
 (C:\Users\daredevil769\AppData\Local\Programs\MiKTeX\tex/latex/rerunfilecheck\rerunfilecheck.sty
Package: rerunfilecheck 2022-07-10 v1.10 Rerun checks for auxiliary files (HO)
 (C:\Users\daredevil769\AppData\Local\Programs\MiKTeX\tex/generic/uniquecounter\uniquecounter.sty
Package: uniquecounter 2019/12/15 v1.4 Provide unlimited unique counter (HO)
)
Package uniquecounter Info: New unique counter `rerunfilecheck' on input line 285.
)
\Hy@SectionHShift=\skip78
) (C:\Users\daredevil769\AppData\Local\Programs\MiKTeX\tex/latex/parskip\parskip.sty
Package: parskip 2021-03-14 v2.0h non-zero parskip adjustments
) (C:\Users\daredevil769\AppData\Local\Programs\MiKTeX\tex/latex/float\float.sty
Package: float 2001/11/08 v1.3d Float enhancements (AL)
\c@float@type=\count307
\float@exts=\toks24
\float@box=\box55
\@float@everytoks=\toks25
\@floatcapt=\box56
) (C:\Users\daredevil769\AppData\Local\Programs\MiKTeX\tex/latex/amsmath\amsmath.sty
Package: amsmath 2024/11/05 v2.17t AMS math features
\@mathmargin=\skip79

For additional information on amsmath, use the `?' option.
(C:\Users\daredevil769\AppData\Local\Programs\MiKTeX\tex/latex/amsmath\amstext.sty
Package: amstext 2021/08/26 v2.01 AMS text
 (C:\Users\daredevil769\AppData\Local\Programs\MiKTeX\tex/latex/amsmath\amsgen.sty
File: amsgen.sty 1999/11/30 v2.0 generic functions
\@emptytoks=\toks26
\ex@=\dimen183
)) (C:\Users\daredevil769\AppData\Local\Programs\MiKTeX\tex/latex/amsmath\amsbsy.sty
Package: amsbsy 1999/11/29 v1.2d Bold Symbols
LaTeX Info: Redefining \boldsymbol on input line 28.
\pmbraise@=\dimen184
) (C:\Users\daredevil769\AppData\Local\Programs\MiKTeX\tex/latex/amsmath\amsopn.sty
Package: amsopn 2022/04/08 v2.04 operator names
)
\inf@bad=\count308
LaTeX Info: Redefining \frac on input line 233.
\uproot@=\count309
\leftroot@=\count310
LaTeX Info: Redefining \overline on input line 398.
LaTeX Info: Redefining \colon on input line 409.
\classnum@=\count311
\DOTSCASE@=\count312
LaTeX Info: Redefining \ldots on input line 495.
LaTeX Info: Redefining \dots on input line 498.
LaTeX Info: Redefining \cdots on input line 619.
\Mathstrutbox@=\box57
\strutbox@=\box58
LaTeX Info: Redefining \big on input line 721.
LaTeX Info: Redefining \Big on input line 722.
LaTeX Info: Redefining \bigg on input line 723.
LaTeX Info: Redefining \Bigg on input line 724.
\big@size=\dimen185
LaTeX Font Info:    Redeclaring font encoding OML on input line 742.
LaTeX Font Info:    Redeclaring font encoding OMS on input line 743.
\macc@depth=\count313
LaTeX Info: Redefining \bmod on input line 904.
LaTeX Info: Redefining \pmod on input line 909.
LaTeX Info: Redefining \smash on input line 939.
LaTeX Info: Redefining \relbar on input line 969.
LaTeX Info: Redefining \Relbar on input line 970.
\c@MaxMatrixCols=\count314
\dotsspace@=\muskip18
\c@parentequation=\count315
\dspbrk@lvl=\count316
\tag@help=\toks27
\row@=\count317
\column@=\count318
\maxfields@=\count319
\andhelp@=\toks28
\eqnshift@=\dimen186
\alignsep@=\dimen187
\tagshift@=\dimen188
\tagwidth@=\dimen189
\totwidth@=\dimen190
\lineht@=\dimen191
\@envbody=\toks29
\multlinegap=\skip80
\multlinetaggap=\skip81
\mathdisplay@stack=\toks30
LaTeX Info: Redefining \[ on input line 2953.
LaTeX Info: Redefining \] on input line 2954.
) (C:\Users\daredevil769\AppData\Local\Programs\MiKTeX\tex/latex/ragged2e\ragged2e.sty
Package: ragged2e 2023/06/22 v3.6 ragged2e Package
\CenteringLeftskip=\skip82
\RaggedLeftLeftskip=\skip83
\RaggedRightLeftskip=\skip84
\CenteringRightskip=\skip85
\RaggedLeftRightskip=\skip86
\RaggedRightRightskip=\skip87
\CenteringParfillskip=\skip88
\RaggedLeftParfillskip=\skip89
\RaggedRightParfillskip=\skip90
\JustifyingParfillskip=\skip91
\CenteringParindent=\skip92
\RaggedLeftParindent=\skip93
\RaggedRightParindent=\skip94
\JustifyingParindent=\skip95
) (C:\Users\daredevil769\AppData\Local\Programs\MiKTeX\tex/latex/biblatex\biblatex.sty
Package: biblatex 2024/03/21 v3.20 programmable bibliographies (PK/MW)
 (C:\Users\daredevil769\AppData\Local\Programs\MiKTeX\tex/latex/logreq\logreq.sty
Package: logreq 2010/08/04 v1.0 xml request logger
\lrq@indent=\count320
 (C:\Users\daredevil769\AppData\Local\Programs\MiKTeX\tex/latex/logreq\logreq.def
File: logreq.def 2010/08/04 v1.0 logreq spec v1.0
)) (C:\Users\daredevil769\AppData\Local\Programs\MiKTeX\tex/latex/base\ifthen.sty
Package: ifthen 2024/03/16 v1.1e Standard LaTeX ifthen package (DPC)
)
\c@tabx@nest=\count321
\c@listtotal=\count322
\c@listcount=\count323
\c@liststart=\count324
\c@liststop=\count325
\c@citecount=\count326
\c@citetotal=\count327
\c@multicitecount=\count328
\c@multicitetotal=\count329
\c@instcount=\count330
\c@maxnames=\count331
\c@minnames=\count332
\c@maxitems=\count333
\c@minitems=\count334
\c@citecounter=\count335
\c@maxcitecounter=\count336
\c@savedcitecounter=\count337
\c@uniquelist=\count338
\c@uniquename=\count339
\c@refsection=\count340
\c@refsegment=\count341
\c@maxextratitle=\count342
\c@maxextratitleyear=\count343
\c@maxextraname=\count344
\c@maxextradate=\count345
\c@maxextraalpha=\count346
\c@abbrvpenalty=\count347
\c@highnamepenalty=\count348
\c@lownamepenalty=\count349
\c@maxparens=\count350
\c@parenlevel=\count351
\blx@tempcnta=\count352
\blx@tempcntb=\count353
\blx@tempcntc=\count354
\c@blx@maxsection=\count355
\blx@maxsegment@0=\count356
\blx@notetype=\count357
\blx@parenlevel@text=\count358
\blx@parenlevel@foot=\count359
\blx@sectionciteorder@0=\count360
\blx@sectionciteorderinternal@0=\count361
\blx@entrysetcounter=\count362
\blx@biblioinstance=\count363
\labelnumberwidth=\skip96
\labelalphawidth=\skip97
\biblabelsep=\skip98
\bibitemsep=\skip99
\bibnamesep=\skip100
\bibinitsep=\skip101
\bibparsep=\skip102
\bibhang=\skip103
\blx@bcfin=\read3
\blx@bcfout=\write5
\blx@langwohyphens=\language80
\c@mincomprange=\count364
\c@maxcomprange=\count365
\c@mincompwidth=\count366
Package biblatex Info: Trying to load biblatex default data model...
Package biblatex Info: ... file 'blx-dm.def' found.
 (C:\Users\daredevil769\AppData\Local\Programs\MiKTeX\tex/latex/biblatex\blx-dm.def
File: blx-dm.def 2024/03/21 v3.20 biblatex datamodel (PK/MW)
)
Package biblatex Info: Trying to load biblatex style data model...
Package biblatex Info: ... file 'apa.dbx' found.
 (C:\Users\daredevil769\AppData\Local\Programs\MiKTeX\tex/latex/biblatex-apa\apa.dbx
File: apa.dbx 2023/03/20 v9.17 APA biblatex style data model
)
Package biblatex Info: Trying to load biblatex custom data model...
Package biblatex Info: ... file 'biblatex-dm.cfg' not found.
\c@afterword=\count367
\c@savedafterword=\count368
\c@annotator=\count369
\c@savedannotator=\count370
\c@author=\count371
\c@savedauthor=\count372
\c@bookauthor=\count373
\c@savedbookauthor=\count374
\c@commentator=\count375
\c@savedcommentator=\count376
\c@editor=\count377
\c@savededitor=\count378
\c@editora=\count379
\c@savededitora=\count380
\c@editorb=\count381
\c@savededitorb=\count382
\c@editorc=\count383
\c@savededitorc=\count384
\c@foreword=\count385
\c@savedforeword=\count386
\c@holder=\count387
\c@savedholder=\count388
\c@introduction=\count389
\c@savedintroduction=\count390
\c@namea=\count391
\c@savednamea=\count392
\c@nameb=\count393
\c@savednameb=\count394
\c@namec=\count395
\c@savednamec=\count396
\c@translator=\count397
\c@savedtranslator=\count398
\c@shortauthor=\count399
\c@savedshortauthor=\count400
\c@shorteditor=\count401
\c@savedshorteditor=\count402
\c@narrator=\count403
\c@savednarrator=\count404
\c@execproducer=\count405
\c@savedexecproducer=\count406
\c@execdirector=\count407
\c@savedexecdirector=\count408
\c@with=\count409
\c@savedwith=\count410
\c@labelname=\count411
\c@savedlabelname=\count412
\c@institution=\count413
\c@savedinstitution=\count414
\c@lista=\count415
\c@savedlista=\count416
\c@listb=\count417
\c@savedlistb=\count418
\c@listc=\count419
\c@savedlistc=\count420
\c@listd=\count421
\c@savedlistd=\count422
\c@liste=\count423
\c@savedliste=\count424
\c@listf=\count425
\c@savedlistf=\count426
\c@location=\count427
\c@savedlocation=\count428
\c@organization=\count429
\c@savedorganization=\count430
\c@origlocation=\count431
\c@savedoriglocation=\count432
\c@origpublisher=\count433
\c@savedorigpublisher=\count434
\c@publisher=\count435
\c@savedpublisher=\count436
\c@language=\count437
\c@savedlanguage=\count438
\c@origlanguage=\count439
\c@savedoriglanguage=\count440
\c@citation=\count441
\c@savedcitation=\count442
\c@pageref=\count443
\c@savedpageref=\count444
\shorthandwidth=\skip104
\shortjournalwidth=\skip105
\shortserieswidth=\skip106
\shorttitlewidth=\skip107
\shortauthorwidth=\skip108
\shorteditorwidth=\skip109
\locallabelnumberwidth=\skip110
\locallabelalphawidth=\skip111
\localshorthandwidth=\skip112
\localshortjournalwidth=\skip113
\localshortserieswidth=\skip114
\localshorttitlewidth=\skip115
\localshortauthorwidth=\skip116
\localshorteditorwidth=\skip117
Package biblatex Info: Trying to load compatibility code...
Package biblatex Info: ... file 'blx-compat.def' found.
 (C:\Users\daredevil769\AppData\Local\Programs\MiKTeX\tex/latex/biblatex\blx-compat.def
File: blx-compat.def 2024/03/21 v3.20 biblatex compatibility (PK/MW)
)
Package biblatex Info: Trying to load generic definitions...
Package biblatex Info: ... file 'biblatex.def' found.
 (C:\Users\daredevil769\AppData\Local\Programs\MiKTeX\tex/latex/biblatex\biblatex.def
File: biblatex.def 2024/03/21 v3.20 biblatex compatibility (PK/MW)
\c@textcitecount=\count445
\c@textcitetotal=\count446
\c@textcitemaxnames=\count447
\c@biburlbigbreakpenalty=\count448
\c@biburlbreakpenalty=\count449
\c@biburlnumpenalty=\count450
\c@biburlucpenalty=\count451
\c@biburllcpenalty=\count452
\biburlbigskip=\muskip19
\biburlnumskip=\muskip20
\biburlucskip=\muskip21
\biburllcskip=\muskip22
\c@smartand=\count453
)
Package biblatex Info: Trying to load bibliography style 'apa'...
Package biblatex Info: ... file 'apa.bbx' found.
 (C:\Users\daredevil769\AppData\Local\Programs\MiKTeX\tex/latex/biblatex-apa\apa.bbx
File: apa.bbx 2023/03/20 v9.17 APA biblatex references style
Package biblatex Info: Trying to load bibliography style 'standard'...
Package biblatex Info: ... file 'standard.bbx' found.
 (C:\Users\daredevil769\AppData\Local\Programs\MiKTeX\tex/latex/biblatex/bbx\standard.bbx
File: standard.bbx 2024/03/21 v3.20 biblatex bibliography style (PK/MW)
\c@bbx:relatedcount=\count454
\c@bbx:relatedtotal=\count455
)
Package biblatex Info: Delimiter 'nameyeardelim' in context 'bib' already defined, overwriting.
Package biblatex Info: Delimiter 'nameyeardelim' in context 'biblist' already defined, overwriting.
Package biblatex Info: Delimiter 'nonameyeardelim' in context 'bib' already defined, overwriting.
Package biblatex Info: Delimiter 'nonameyeardelim' in context 'biblist' already defined, overwriting.
)
Package biblatex Info: Trying to load citation style 'apa'...
Package biblatex Info: ... file 'apa.cbx' found.
 (C:\Users\daredevil769\AppData\Local\Programs\MiKTeX\tex/latex/biblatex-apa\apa.cbx
File: apa.cbx 2023/03/20 v9.17 APA biblatex citation style
Package biblatex Info: Delimiter 'nameyeardelim' in context '' already defined, overwriting.
Package biblatex Info: Delimiter 'andothersdelim' in context '' already defined, overwriting.
Package biblatex Info: Redefining '\fullcite'.
Package biblatex Info: Redefining '\citeauthor'.
Package biblatex Info: Redefining '\citeyear'.
Package biblatex Info: Redefining '\cite'.
Package biblatex Info: Redefining '\cites'.
Package biblatex Info: Redefining '\parencite'.
Package biblatex Info: Redefining '\parencites'.
Package biblatex Info: Redefining '\footcite'.
Package biblatex Info: Redefining '\footcites'.
Package biblatex Info: Redefining '\footcitetext'.
Package biblatex Info: Redefining '\footcitetexts'.
Package biblatex Info: Redefining '\smartcite'.
Package biblatex Info: Redefining '\smartcites'.
Package biblatex Info: Redefining '\textcite'.
Package biblatex Info: Redefining '\textcites'.
)
Package biblatex Info: Trying to load configuration file...
Package biblatex Info: ... file 'biblatex.cfg' found.
 (C:\Users\daredevil769\AppData\Local\Programs\MiKTeX\tex/latex/biblatex\biblatex.cfg
File: biblatex.cfg 
)
Package biblatex Info: Input encoding 'utf8' detected.
Package biblatex Info: Document encoding is UTF8 ....
 (C:\Users\daredevil769\AppData\Local\Programs\MiKTeX\tex/latex/l3kernel\expl3.sty
Package: expl3 2025-03-26 L3 programming layer (loader) 
 (C:\Users\daredevil769\AppData\Local\Programs\MiKTeX\tex/latex/l3backend\l3backend-pdftex.def
File: l3backend-pdftex.def 2025-03-14 L3 backend support: PDF output (pdfTeX)
\l__color_backend_stack_int=\count456
))
Package biblatex Info: ... and expl3
(biblatex)             2025-03-26 L3 programming layer (loader) 
(biblatex)             is new enough (at least 2020/04/06),
(biblatex)             setting 'casechanger=expl3'.
 (C:\Users\daredevil769\AppData\Local\Programs\MiKTeX\tex/latex/biblatex\blx-case-expl3.sty (C:\Users\daredevil769\AppData\Local\Programs\MiKTeX\tex/latex/l3packages/xparse\xparse.sty
Package: xparse 2024-08-16 L3 Experimental document command parser
)
Package: blx-case-expl3 2024/03/21 v3.20 expl3 case changing code for biblatex
)) (C:\Users\daredevil769\AppData\Local\Programs\MiKTeX\tex/latex/adjustbox\adjustbox.sty
Package: adjustbox 2025/02/26 v1.3c Adjusting TeX boxes (trim, clip, ...)
 (C:\Users\daredevil769\AppData\Local\Programs\MiKTeX\tex/latex/xkeyval\xkeyval.sty
Package: xkeyval 2022/06/16 v2.9 package option processing (HA)
 (C:\Users\daredevil769\AppData\Local\Programs\MiKTeX\tex/generic/xkeyval\xkeyval.tex (C:\Users\daredevil769\AppData\Local\Programs\MiKTeX\tex/generic/xkeyval\xkvutils.tex
\XKV@toks=\toks31
\XKV@tempa@toks=\toks32
)
\XKV@depth=\count457
File: xkeyval.tex 2014/12/03 v2.7a key=value parser (HA)
)) (C:\Users\daredevil769\AppData\Local\Programs\MiKTeX\tex/latex/adjustbox\adjcalc.sty
Package: adjcalc 2012/05/16 v1.1 Provides advanced setlength with multiple back-ends (calc, etex, pgfmath)
) (C:\Users\daredevil769\AppData\Local\Programs\MiKTeX\tex/latex/adjustbox\trimclip.sty
Package: trimclip 2025/02/21 v1.2a Trim and clip general TeX material
 (C:\Users\daredevil769\AppData\Local\Programs\MiKTeX\tex/latex/collectbox\collectbox.sty
Package: collectbox 2022/10/17 v0.4c Collect macro arguments as boxes
\collectedbox=\box59
)
\tc@llx=\dimen192
\tc@lly=\dimen193
\tc@urx=\dimen194
\tc@ury=\dimen195
Package trimclip Info: Using driver 'tc-pdftex.def'.
 (C:\Users\daredevil769\AppData\Local\Programs\MiKTeX\tex/latex/adjustbox\tc-pdftex.def
File: tc-pdftex.def 2025/02/26 v2.3 Clipping driver for pdftex
))
\adjbox@Width=\dimen196
\adjbox@Height=\dimen197
\adjbox@Depth=\dimen198
\adjbox@Totalheight=\dimen199
\adjbox@pwidth=\dimen256
\adjbox@pheight=\dimen257
\adjbox@pdepth=\dimen258
\adjbox@ptotalheight=\dimen259
 (C:\Users\daredevil769\AppData\Local\Programs\MiKTeX\tex/latex/ifoddpage\ifoddpage.sty
Package: ifoddpage 2022/10/18 v1.2 Conditionals for odd/even page detection
\c@checkoddpage=\count458
) (C:\Users\daredevil769\AppData\Local\Programs\MiKTeX\tex/latex/varwidth\varwidth.sty
Package: varwidth 2009/03/30 ver 0.92;  Variable-width minipages
\@vwid@box=\box60
\sift@deathcycles=\count459
\@vwid@loff=\dimen260
\@vwid@roff=\dimen261
)) (C:\Users\daredevil769\AppData\Local\Programs\MiKTeX\tex/latex/multirow\multirow.sty
Package: multirow 2024/11/12 v2.9 Span multiple rows of a table
\multirow@colwidth=\skip118
\multirow@cntb=\count460
\multirow@dima=\skip119
\bigstrutjot=\dimen262
) (C:\Users\daredevil769\AppData\Local\Programs\MiKTeX\tex/latex/xcolor\xcolor.sty
Package: xcolor 2024/09/29 v3.02 LaTeX color extensions (UK)
 (C:\Users\daredevil769\AppData\Local\Programs\MiKTeX\tex/latex/graphics-cfg\color.cfg
File: color.cfg 2016/01/02 v1.6 sample color configuration
)
Package xcolor Info: Driver file: pdftex.def on input line 274.
 (C:\Users\daredevil769\AppData\Local\Programs\MiKTeX\tex/latex/graphics\mathcolor.ltx)
Package xcolor Info: Model `cmy' substituted by `cmy0' on input line 1349.
Package xcolor Info: Model `hsb' substituted by `rgb' on input line 1353.
Package xcolor Info: Model `RGB' extended on input line 1365.
Package xcolor Info: Model `HTML' substituted by `rgb' on input line 1367.
Package xcolor Info: Model `Hsb' substituted by `hsb' on input line 1368.
Package xcolor Info: Model `tHsb' substituted by `hsb' on input line 1369.
Package xcolor Info: Model `HSB' substituted by `hsb' on input line 1370.
Package xcolor Info: Model `Gray' substituted by `gray' on input line 1371.
Package xcolor Info: Model `wave' substituted by `hsb' on input line 1372.
) (C:\Users\daredevil769\AppData\Local\Programs\MiKTeX\tex/latex/colortbl\colortbl.sty
Package: colortbl 2024/07/06 v1.0i Color table columns (DPC)
 (C:\Users\daredevil769\AppData\Local\Programs\MiKTeX\tex/latex/tools\array.sty
Package: array 2024/10/17 v2.6g Tabular extension package (FMi)
\col@sep=\dimen263
\ar@mcellbox=\box61
\extrarowheight=\dimen264
\NC@list=\toks33
\extratabsurround=\skip120
\backup@length=\skip121
\ar@cellbox=\box62
)
\everycr=\toks34
\minrowclearance=\skip122
\rownum=\count461
)
Package csquotes Info: Checking for multilingual support...
Package csquotes Info: ... found 'babel' package.
Package csquotes Info: Adjusting default style.
Package csquotes Info: Redefining alias 'default' -> 'spanish'.
 (main.aux (cover.aux)
LaTeX Info: Redefining \. on input line 14.
LaTeX Info: Redefining \% on input line 14.
Package babel Info: 'spanish' activates 'spanish' shorthands.
(babel)             Reported  on input line 14.
 (Content/index.aux

LaTeX Warning: Label `microservicios' multiply defined.


LaTeX Warning: Label `caso1' multiply defined.


LaTeX Warning: Label `dofa' multiply defined.


LaTeX Warning: Label `dofa' multiply defined.

))
\openout1 = `main.aux'.

LaTeX Font Info:    Checking defaults for OML/cmm/m/it on input line 49.
LaTeX Font Info:    ... okay on input line 49.
LaTeX Font Info:    Checking defaults for OMS/cmsy/m/n on input line 49.
LaTeX Font Info:    ... okay on input line 49.
LaTeX Font Info:    Checking defaults for OT1/cmr/m/n on input line 49.
LaTeX Font Info:    ... okay on input line 49.
LaTeX Font Info:    Checking defaults for T1/cmr/m/n on input line 49.
LaTeX Font Info:    ... okay on input line 49.
LaTeX Font Info:    Checking defaults for TS1/cmr/m/n on input line 49.
LaTeX Font Info:    ... okay on input line 49.
LaTeX Font Info:    Checking defaults for OMX/cmex/m/n on input line 49.
LaTeX Font Info:    ... okay on input line 49.
LaTeX Font Info:    Checking defaults for U/cmr/m/n on input line 49.
LaTeX Font Info:    ... okay on input line 49.
LaTeX Font Info:    Checking defaults for PD1/pdf/m/n on input line 49.
LaTeX Font Info:    ... okay on input line 49.
LaTeX Font Info:    Checking defaults for PU/pdf/m/n on input line 49.
LaTeX Font Info:    ... okay on input line 49.

*geometry* driver: auto-detecting
*geometry* detected driver: pdftex
*geometry* verbose mode - [ preamble ] result:
* driver: pdftex
* paper: a4paper
* layout: <same size as paper>
* layoutoffset:(h,v)=(0.0pt,0.0pt)
* modes: twoside 
* h-part:(L,W,R)=(72.26999pt, 452.9679pt, 72.26999pt)
* v-part:(T,H,B)=(72.26999pt, 700.50687pt, 72.26999pt)
* \paperwidth=597.50787pt
* \paperheight=845.04684pt
* \textwidth=452.9679pt
* \textheight=700.50687pt
* \oddsidemargin=0.0pt
* \evensidemargin=0.0pt
* \topmargin=-37.0pt
* \headheight=15.2pt
* \headsep=25.0pt
* \topskip=12.0pt
* \footskip=30.0pt
* \marginparwidth=95.0pt
* \marginparsep=10.0pt
* \columnsep=10.0pt
* \skip\footins=10.8pt plus 4.0pt minus 2.0pt
* \hoffset=0.0pt
* \voffset=0.0pt
* \mag=1000
* \@twocolumnfalse
* \@twosidetrue
* \@mparswitchtrue
* \@reversemarginfalse
* (1in=72.27pt=25.4mm, 1cm=28.453pt)

(C:\Users\daredevil769\AppData\Local\Programs\MiKTeX\tex/context/base/mkii\supp-pdf.mkii
[Loading MPS to PDF converter (version 2006.09.02).]
\scratchcounter=\count462
\scratchdimen=\dimen265
\scratchbox=\box63
\nofMPsegments=\count463
\nofMParguments=\count464
\everyMPshowfont=\toks35
\MPscratchCnt=\count465
\MPscratchDim=\dimen266
\MPnumerator=\count466
\makeMPintoPDFobject=\count467
\everyMPtoPDFconversion=\toks36
) (C:\Users\daredevil769\AppData\Local\Programs\MiKTeX\tex/latex/apa6/config\APAamerican.txt
File: APAamerican.txt 2012/02/23 v1.25 apa6 configuration for American English
)
Package caption Info: Begin \AtBeginDocument code.
Package caption Info: float package is loaded.
Package caption Info: hyperref package is loaded.
Package caption Info: End \AtBeginDocument code.
LaTeX Info: Redefining \. on input line 49.
LaTeX Info: Redefining \% on input line 49.
Package hyperref Info: Link coloring OFF on input line 49.
 (main.out) (main.out)
\@outlinefile=\write6
\openout6 = `main.out'.

Package biblatex Info: Trying to load language 'spanish' -> 'spanish-apa'...
Package biblatex Info: ... file 'spanish-apa.lbx' found.
 (C:\Users\daredevil769\AppData\Local\Programs\MiKTeX\tex/latex/biblatex-apa\spanish-apa.lbx
File: spanish-apa.lbx 2023/03/20 v9.17 APA biblatex localisation
Package biblatex Info: Trying to load language 'spanish'...
Package biblatex Info: ... file 'spanish.lbx' found.
 (C:\Users\daredevil769\AppData\Local\Programs\MiKTeX\tex/latex/biblatex/lbx\spanish.lbx
File: spanish.lbx 2024/03/21 v3.20 biblatex localization (PK/MW)
)
Package biblatex Info: Trying to load language 'spanish'...
Package biblatex Info: ... file 'spanish.lbx' found.
 (C:\Users\daredevil769\AppData\Local\Programs\MiKTeX\tex/latex/biblatex/lbx\spanish.lbx
File: spanish.lbx 2024/03/21 v3.20 biblatex localization (PK/MW)
))
Package biblatex Info: Input encoding 'utf8' detected.
Package biblatex Info: Automatic encoding selection.
(biblatex)             Assuming data encoding 'utf8'.
\openout5 = `main.bcf'.

Package biblatex Info: Trying to load bibliographic data...
Package biblatex Info: ... file 'main.bbl' found.
 (main.bbl

Package biblatex Warning: The following entry could not be found
(biblatex)                in the database:
(biblatex)                Dofa
(biblatex)                Please verify the spelling and rerun
(biblatex)                LaTeX afterwards.


Package biblatex Warning: The following entry could not be found
(biblatex)                in the database:
(biblatex)                FirebaseCloud
(biblatex)                Please verify the spelling and rerun
(biblatex)                LaTeX afterwards.


Package biblatex Warning: The following entry could not be found
(biblatex)                in the database:
(biblatex)                FirebaseSAAS
(biblatex)                Please verify the spelling and rerun
(biblatex)                LaTeX afterwards.


Package biblatex Warning: The following entry could not be found
(biblatex)                in the database:
(biblatex)                GioSyst3m
(biblatex)                Please verify the spelling and rerun
(biblatex)                LaTeX afterwards.

)
Package biblatex Info: Reference section=0 on input line 49.
Package biblatex Info: Reference segment=0 on input line 49.
\openout2 = `cover.aux'.

 (cover.tex
<Content/Images/Escudo_UD.png, id=271, 466.74374pt x 479.54156pt>
File: Content/Images/Escudo_UD.png Graphic file (type png)
<use Content/Images/Escudo_UD.png>
Package pdftex.def Info: Content/Images/Escudo_UD.png  used on input line 25.
(pdftex.def)             Requested size: 90.5922pt x 93.07484pt.


[1


{C:/Users/daredevil769/AppData/Local/MiKTeX/fonts/map/pdftex/pdftex.map}{C:/Users/daredevil769/AppData/Local/Programs/MiKTeX/fonts/enc/dvips/lm/lm-ec.enc} <./Content/Images/Escudo_UD.png>])
\openout2 = `Content/index.aux'.

 (Content/index.tex (main.toc
LaTeX Info: Redefining \sptext on input line 1.
LaTeX Info: Redefining \. on input line 1.
LaTeX Info: Redefining \% on input line 1.
LaTeX Font Info:    Trying to load font information for OT1+lmr on input line 5.
 (C:\Users\daredevil769\AppData\Local\Programs\MiKTeX\tex/latex/lm\ot1lmr.fd
File: ot1lmr.fd 2015/05/01 v1.6.1 Font defs for Latin Modern
)
LaTeX Font Info:    Trying to load font information for OML+lmm on input line 5.
 (C:\Users\daredevil769\AppData\Local\Programs\MiKTeX\tex/latex/lm\omllmm.fd
File: omllmm.fd 2015/05/01 v1.6.1 Font defs for Latin Modern
)
LaTeX Font Info:    Trying to load font information for OMS+lmsy on input line 5.
 (C:\Users\daredevil769\AppData\Local\Programs\MiKTeX\tex/latex/lm\omslmsy.fd
File: omslmsy.fd 2015/05/01 v1.6.1 Font defs for Latin Modern
)
LaTeX Font Info:    Trying to load font information for OMX+lmex on input line 5.
 (C:\Users\daredevil769\AppData\Local\Programs\MiKTeX\tex/latex/lm\omxlmex.fd
File: omxlmex.fd 2015/05/01 v1.6.1 Font defs for Latin Modern
)
LaTeX Font Info:    External font `lmex10' loaded for size
(Font)              <12> on input line 5.
LaTeX Font Info:    External font `lmex10' loaded for size
(Font)              <8> on input line 5.
LaTeX Font Info:    External font `lmex10' loaded for size
(Font)              <6> on input line 5.

Underfull \vbox (badness 2469) has occurred while \output is active []



[2



]

[3])
\tf@toc=\write7
\openout7 = `main.toc'.



[4] (main.lof
LaTeX Info: Redefining \sptext on input line 1.
LaTeX Info: Redefining \. on input line 1.
LaTeX Info: Redefining \% on input line 1.
)
\tf@lof=\write8
\openout8 = `main.lof'.



[5]

[6] (main.lot
LaTeX Info: Redefining \sptext on input line 1.
LaTeX Info: Redefining \. on input line 1.
LaTeX Info: Redefining \% on input line 1.
)
\tf@lot=\write9
\openout9 = `main.lot'.



[7] (Content/0.Resumen/Resumen.tex) (Content/1.Introduccion/Introduccion.tex

[8]) (Content/2.PlanteamientoDelProblema/PlanteamientoDelProblema.tex
<Content/Images/Gr√°fica √Årbol de problemas emprendimiento (1).png, id=477, 770.88pt x 578.16pt>
File: Content/Images/Gr√°fica √Årbol de problemas emprendimiento (1).png Graphic file (type png)
<use Content/Images/Gr√°fica √Årbol de problemas emprendimiento (1).png>
Package pdftex.def Info: Content/Images/Gr√°fica √Årbol de problemas emprendimiento (1).png  used on input line 13.
(pdftex.def)             Requested size: 462.53157pt x 346.89867pt.


[9] (Content/2.PlanteamientoDelProblema/DescripcionDelProblema.tex

[10 <./Content/Images/Gr√°fica √Årbol de problemas emprendimiento (1).png>]) (Content/2.PlanteamientoDelProblema/FormulacionDelProblema.tex) (Content/2.PlanteamientoDelProblema/JustificacionDelProblema.tex

[11]
<Content/Images/graficaTurismoBogota.jpeg, id=492, 1204.5pt x 647.41875pt>
File: Content/Images/graficaTurismoBogota.jpeg Graphic file (type jpg)
<use Content/Images/graficaTurismoBogota.jpeg>
Package pdftex.def Info: Content/Images/graficaTurismoBogota.jpeg  used on input line 10.
(pdftex.def)             Requested size: 452.9679pt x 243.47295pt.
)) (Content/3.Objetivos/Objetivos.tex

[12 <./Content/Images/graficaTurismoBogota.jpeg>]) (Content/4.MarcoTeorico/MarcoTeorico.tex (Content/4.MarcoTeorico/AnalisisDeLaCompetencia.tex

[13]) (Content/4.MarcoTeorico/Antecedentes.tex

[14]

[15]) (Content/4.MarcoTeorico/ConceptosDeModeloDeNegocio.tex

[16]
<Content/Images/modelo canva plantilla.jpeg, id=518, 1032.85875pt x 684.5575pt>
File: Content/Images/modelo canva plantilla.jpeg Graphic file (type jpg)
<use Content/Images/modelo canva plantilla.jpeg>
Package pdftex.def Info: Content/Images/modelo canva plantilla.jpeg  used on input line 31.
(pdftex.def)             Requested size: 413.13618pt x 273.81815pt.
) (Content/4.MarcoTeorico/DefinicionesPrevias.tex

[17]

[18 <./Content/Images/modelo canva plantilla.jpeg>])) (Content/5.AlcancesLimitaciones/AlcancesLimitaciones.tex

[19]

[20]) (Content/6.ModeloDeNegocio/ModeloDeNegocio.tex
<Content/Images/Canva Emprendimiento.png, id=536, 770.88pt x 578.16pt>
File: Content/Images/Canva Emprendimiento.png Graphic file (type png)
<use Content/Images/Canva Emprendimiento.png>
Package pdftex.def Info: Content/Images/Canva Emprendimiento.png  used on input line 10.
(pdftex.def)             Requested size: 470.23611pt x 352.67708pt.


[21]

[22 <./Content/Images/Canva Emprendimiento.png>]

[23]

[24]
LaTeX Font Info:    Trying to load font information for TS1+lmr on input line 60.
 (C:\Users\daredevil769\AppData\Local\Programs\MiKTeX\tex/latex/lm\ts1lmr.fd
File: ts1lmr.fd 2015/05/01 v1.6.1 Font defs for Latin Modern
)

[25{C:/Users/daredevil769/AppData/Local/Programs/MiKTeX/fonts/enc/dvips/lm/lm-ts1.enc}]) (Content/7.Metodologia/Metodologia.tex (Content/7.Metodologia/Descripcion.tex

Package hyperref Warning: Difference (2) between bookmark levels is greater 
(hyperref)                than one, level fixed on input line 7.



[26]

[27]

[28]
<Content/Images/cronogramaEmpre.PNG, id=576, 735.9495pt x 420.3705pt>
File: Content/Images/cronogramaEmpre.PNG Graphic file (type png)
<use Content/Images/cronogramaEmpre.PNG>
Package pdftex.def Info: Content/Images/cronogramaEmpre.PNG  used on input line 169.
(pdftex.def)             Requested size: 452.9679pt x 258.73479pt.


[29]) (Content/7.Metodologia/EstructuraIdeologica.tex

[30 <./Content/Images/cronogramaEmpre.PNG>]) (Content/7.Metodologia/Entorno.tex
Overfull \hbox (105.02672pt too wide) in paragraph at lines 6--7
\T1/lmr/m/n/12 di-ri-ge el ser-vi-cio, in-clu-yen-do da-tos de-mo-gra-fi-cos (edad,gÈnero,ubicaciÛn),psicogr·ficos(intereses,valores)y
 []

) (Content/7.Metodologia/EstructuraMecanica.tex

[31]) (Content/7.Metodologia/EstructuraFinanciera.tex

[32]) (Content/7.Metodologia/RecursosHumanos.tex)) (Content/8.InformacionDeLaEmpresa/InformacionDeLaEmpresa.tex (Content/8.InformacionDeLaEmpresa/Mision.tex) (Content/8.InformacionDeLaEmpresa/Vision.tex)

[33] (Content/8.InformacionDeLaEmpresa/Valores.tex) (Content/8.InformacionDeLaEmpresa/ModeloOrganizacional.tex

Package caption Warning: The option `hypcap=true' will be ignored for this
(caption)                particular \caption on input line 5.
See the caption package documentation for explanation.

<Content/Images/modelo_organizacional.png, id=599, 770.88pt x 578.16pt>
File: Content/Images/modelo_organizacional.png Graphic file (type png)
<use Content/Images/modelo_organizacional.png>
Package pdftex.def Info: Content/Images/modelo_organizacional.png  used on input line 7.
(pdftex.def)             Requested size: 407.66833pt x 305.74405pt.
LaTeX Font Info:    External font `lmex10' loaded for size
(Font)              <10> on input line 8.
LaTeX Font Info:    External font `lmex10' loaded for size
(Font)              <7> on input line 8.
LaTeX Font Info:    External font `lmex10' loaded for size
(Font)              <5> on input line 8.
)
Overfull \hbox (40.0pt too wide) in paragraph at lines 3--10
[]$[]$
 []


Underfull \hbox (badness 10000) in paragraph at lines 3--10

 []



[34]) (Content/9.PlanDeNegocio/PlanDeNegocio.tex (Content/9.PlanDeNegocio/EstudioDeMercado.tex

[35 <./Content/Images/modelo_organizacional.png>]
Overfull \hbox (39.38896pt too wide) in paragraph at lines 11--12
[]\T1/lmr/m/n/12 Ecosistema co-la-bo-ra-ti-vo: Una co-mu-ni-dad de apo-yo pa-ra los nÛ-ma-das di-gi-ta-les,compartiendo
 []



[36]

[37]

Package caption Warning: The option `hypcap=true' will be ignored for this
(caption)                particular \caption on input line 57.
See the caption package documentation for explanation.

<Content/Images/Metodolog√≠a Inbound-1.jpeg, id=628, 961.5925pt x 475.7775pt>
File: Content/Images/Metodolog√≠a Inbound-1.jpeg Graphic file (type jpg)
<use Content/Images/Metodolog√≠a Inbound-1.jpeg>
Package pdftex.def Info: Content/Images/Metodolog√≠a Inbound-1.jpeg  used on input line 59.
(pdftex.def)             Requested size: 326.13591pt x 161.37018pt.


[38 <./Content/Images/Metodolog√≠a Inbound-1.jpeg>]

[39]

[40{C:/Users/daredevil769/AppData/Local/Programs/MiKTeX/fonts/enc/dvips/lm/lm-rm.enc}{C:/Users/daredevil769/AppData/Local/Programs/MiKTeX/fonts/enc/dvips/lm/lm-mathsy.enc}]) (Content/9.PlanDeNegocio/Stakeholders.tex

[41]

[42]) (Content/9.PlanDeNegocio/EstudioTecnico.tex

[43]

[44]
Overfull \hbox (14.48409pt too wide) in paragraph at lines 44--45
\T1/lmr/m/n/12 mues-tra ser el lu-gar ideal pa-ra de-sa-rro-llar y es-ta-ble-cer la se-de del pro-yec-to,considerando
 []



[45]

Package caption Warning: The option `hypcap=true' will be ignored for this
(caption)                particular \caption on input line 57.
See the caption package documentation for explanation.

<Content/Images/cicloMetodologiaLean.jpeg, id=671, 622.325pt x 500.87125pt>
File: Content/Images/cicloMetodologiaLean.jpeg Graphic file (type jpg)
<use Content/Images/cicloMetodologiaLean.jpeg>
Package pdftex.def Info: Content/Images/cicloMetodologiaLean.jpeg  used on input line 59.
(pdftex.def)             Requested size: 285.36658pt x 229.6775pt.

LaTeX Warning: Citation 'GioSyst3m' on page 46 undefined on input line 60.



[46]

[47 <./Content/Images/cicloMetodologiaLean.jpeg>]) (Content/9.PlanDeNegocio/PrototipoMinimoViable.tex

Package caption Warning: The option `hypcap=true' will be ignored for this
(caption)                particular \caption on input line 12.
See the caption package documentation for explanation.

<Content/Images/spring-boot-logo.png, id=684, 602.25pt x 316.18124pt>
File: Content/Images/spring-boot-logo.png Graphic file (type png)
<use Content/Images/spring-boot-logo.png>
Package pdftex.def Info: Content/Images/spring-boot-logo.png  used on input line 14.
(pdftex.def)             Requested size: 122.30174pt x 64.20485pt.


[48]

Package caption Warning: The option `hypcap=true' will be ignored for this
(caption)                particular \caption on input line 26.
See the caption package documentation for explanation.

<Content/Images/angular-logo.png, id=691, 225.84375pt x 225.84375pt>
File: Content/Images/angular-logo.png Graphic file (type png)
<use Content/Images/angular-logo.png>
Package pdftex.def Info: Content/Images/angular-logo.png  used on input line 28.
(pdftex.def)             Requested size: 101.91708pt x 101.91821pt.


[49 <./Content/Images/spring-boot-logo.png> <./Content/Images/angular-logo.png>]

Package caption Warning: The option `hypcap=true' will be ignored for this
(caption)                particular \caption on input line 38.
See the caption package documentation for explanation.

<Content/Images/postgresql-logo.png, id=702, 542.025pt x 559.08875pt>
File: Content/Images/postgresql-logo.png Graphic file (type png)
<use Content/Images/postgresql-logo.png>
Package pdftex.def Info: Content/Images/postgresql-logo.png  used on input line 40.
(pdftex.def)             Requested size: 122.30174pt x 126.14783pt.

Package caption Warning: The option `hypcap=true' will be ignored for this
(caption)                particular \caption on input line 55.
See the caption package documentation for explanation.

<Content/Images/microservices-logical.png, id=704, 495.35063pt x 200.24812pt>
File: Content/Images/microservices-logical.png Graphic file (type png)
<use Content/Images/microservices-logical.png>
Package pdftex.def Info: Content/Images/microservices-logical.png  used on input line 57.
(pdftex.def)             Requested size: 122.30174pt x 49.44162pt.

Overfull \hbox (104.38087pt too wide) in paragraph at lines 50--61
\T1/lmr/m/n/12 es-ca-lar so-lo lo ne-ce-sa-rio $[]$ 
 []



[50 <./Content/Images/postgresql-logo.png>]

Package caption Warning: The option `hypcap=true' will be ignored for this
(caption)                particular \caption on input line 75.
See the caption package documentation for explanation.

File: Content/Images/Escudo_UD.png Graphic file (type png)
<use Content/Images/Escudo_UD.png>
Package pdftex.def Info: Content/Images/Escudo_UD.png  used on input line 77.
(pdftex.def)             Requested size: 122.30174pt x 125.65105pt.

Overfull \hbox (9.92482pt too wide) in paragraph at lines 73--80
[]$[]$ 
 []



[51 <./Content/Images/microservices-logical.png>]

Package caption Warning: The option `hypcap=true' will be ignored for this
(caption)                particular \caption on input line 88.
See the caption package documentation for explanation.

File: Content/Images/Escudo_UD.png Graphic file (type png)
<use Content/Images/Escudo_UD.png>
Package pdftex.def Info: Content/Images/Escudo_UD.png  used on input line 90.
(pdftex.def)             Requested size: 122.30174pt x 125.65105pt.

Overfull \hbox (9.92482pt too wide) in paragraph at lines 86--93
[]$[]$ 
 []


LaTeX Warning: Citation 'FirebaseCloud' on page 52 undefined on input line 101.


LaTeX Warning: Citation 'FirebaseSAAS' on page 52 undefined on input line 104.



[52]

Package caption Warning: The option `hypcap=true' will be ignored for this
(caption)                particular \caption on input line 114.
See the caption package documentation for explanation.

File: Content/Images/Escudo_UD.png Graphic file (type png)
<use Content/Images/Escudo_UD.png>
Package pdftex.def Info: Content/Images/Escudo_UD.png  used on input line 116.
(pdftex.def)             Requested size: 122.30174pt x 125.65105pt.

Overfull \hbox (9.92482pt too wide) in paragraph at lines 112--119
[]$[]$ 
 []


Package caption Warning: The option `hypcap=true' will be ignored for this
(caption)                particular \caption on input line 123.
See the caption package documentation for explanation.

File: Content/Images/Escudo_UD.png Graphic file (type png)
<use Content/Images/Escudo_UD.png>
Package pdftex.def Info: Content/Images/Escudo_UD.png  used on input line 125.
(pdftex.def)             Requested size: 122.30174pt x 125.65105pt.

Overfull \hbox (9.92482pt too wide) in paragraph at lines 121--128
[]$[]$ 
 []



[53]

Package caption Warning: The option `hypcap=true' will be ignored for this
(caption)                particular \caption on input line 132.
See the caption package documentation for explanation.

File: Content/Images/Escudo_UD.png Graphic file (type png)
<use Content/Images/Escudo_UD.png>
Package pdftex.def Info: Content/Images/Escudo_UD.png  used on input line 134.
(pdftex.def)             Requested size: 122.30174pt x 125.65105pt.

Overfull \hbox (9.92482pt too wide) in paragraph at lines 130--137
[]$[]$ 
 []


Package caption Warning: The option `hypcap=true' will be ignored for this
(caption)                particular \caption on input line 141.
See the caption package documentation for explanation.

File: Content/Images/Escudo_UD.png Graphic file (type png)
<use Content/Images/Escudo_UD.png>
Package pdftex.def Info: Content/Images/Escudo_UD.png  used on input line 143.
(pdftex.def)             Requested size: 122.30174pt x 125.65105pt.

Overfull \hbox (9.92482pt too wide) in paragraph at lines 139--146
[]$[]$ 
 []


Package caption Warning: The option `hypcap=true' will be ignored for this
(caption)                particular \caption on input line 150.
See the caption package documentation for explanation.

File: Content/Images/Escudo_UD.png Graphic file (type png)
<use Content/Images/Escudo_UD.png>
Package pdftex.def Info: Content/Images/Escudo_UD.png  used on input line 152.
(pdftex.def)             Requested size: 122.30174pt x 125.65105pt.

Overfull \hbox (9.92482pt too wide) in paragraph at lines 148--155
[]$[]$ 
 []



[54]

Package caption Warning: The option `hypcap=true' will be ignored for this
(caption)                particular \caption on input line 172.
See the caption package documentation for explanation.

File: Content/Images/Escudo_UD.png Graphic file (type png)
<use Content/Images/Escudo_UD.png>
Package pdftex.def Info: Content/Images/Escudo_UD.png  used on input line 174.
(pdftex.def)             Requested size: 407.66833pt x 418.86612pt.

Overfull \hbox (9.92482pt too wide) in paragraph at lines 170--177
[]$[]$ 
 []



[55]

Package caption Warning: The option `hypcap=true' will be ignored for this
(caption)                particular \caption on input line 181.
See the caption package documentation for explanation.

File: Content/Images/Escudo_UD.png Graphic file (type png)
<use Content/Images/Escudo_UD.png>
Package pdftex.def Info: Content/Images/Escudo_UD.png  used on input line 183.
(pdftex.def)             Requested size: 407.66833pt x 418.86612pt.

Overfull \hbox (9.92482pt too wide) in paragraph at lines 179--186
[]$[]$ 
 []



[56]

Package caption Warning: The option `hypcap=true' will be ignored for this
(caption)                particular \caption on input line 190.
See the caption package documentation for explanation.

File: Content/Images/Escudo_UD.png Graphic file (type png)
<use Content/Images/Escudo_UD.png>
Package pdftex.def Info: Content/Images/Escudo_UD.png  used on input line 192.
(pdftex.def)             Requested size: 407.66833pt x 418.86612pt.

Overfull \hbox (9.92482pt too wide) in paragraph at lines 188--195
[]$[]$ 
 []



[57]

Package caption Warning: The option `hypcap=true' will be ignored for this
(caption)                particular \caption on input line 203.
See the caption package documentation for explanation.

File: Content/Images/Escudo_UD.png Graphic file (type png)
<use Content/Images/Escudo_UD.png>
Package pdftex.def Info: Content/Images/Escudo_UD.png  used on input line 205.
(pdftex.def)             Requested size: 122.30174pt x 125.65105pt.


[58]

Package caption Warning: The option `hypcap=true' will be ignored for this
(caption)                particular \caption on input line 212.
See the caption package documentation for explanation.

File: Content/Images/Escudo_UD.png Graphic file (type png)
<use Content/Images/Escudo_UD.png>
Package pdftex.def Info: Content/Images/Escudo_UD.png  used on input line 214.
(pdftex.def)             Requested size: 122.30174pt x 125.65105pt.

Package caption Warning: The option `hypcap=true' will be ignored for this
(caption)                particular \caption on input line 221.
See the caption package documentation for explanation.

File: Content/Images/Escudo_UD.png Graphic file (type png)
<use Content/Images/Escudo_UD.png>
Package pdftex.def Info: Content/Images/Escudo_UD.png  used on input line 223.
(pdftex.def)             Requested size: 122.30174pt x 125.65105pt.

Package caption Warning: The option `hypcap=true' will be ignored for this
(caption)                particular \caption on input line 230.
See the caption package documentation for explanation.

File: Content/Images/Escudo_UD.png Graphic file (type png)
<use Content/Images/Escudo_UD.png>
Package pdftex.def Info: Content/Images/Escudo_UD.png  used on input line 232.
(pdftex.def)             Requested size: 122.30174pt x 125.65105pt.


[59]

Package caption Warning: The option `hypcap=true' will be ignored for this
(caption)                particular \caption on input line 239.
See the caption package documentation for explanation.

File: Content/Images/Escudo_UD.png Graphic file (type png)
<use Content/Images/Escudo_UD.png>
Package pdftex.def Info: Content/Images/Escudo_UD.png  used on input line 241.
(pdftex.def)             Requested size: 122.30174pt x 125.65105pt.

LaTeX Warning: Hyper reference `manual-usuario' on page 60 undefined on input line 252.


LaTeX Warning: Hyper reference `manual-instalacion' on page 60 undefined on input line 253.


LaTeX Warning: Hyper reference `manual-despliegue' on page 60 undefined on input line 254.


Package caption Warning: The option `hypcap=true' will be ignored for this
(caption)                particular \caption on input line 261.
See the caption package documentation for explanation.

File: Content/Images/Escudo_UD.png Graphic file (type png)
<use Content/Images/Escudo_UD.png>
Package pdftex.def Info: Content/Images/Escudo_UD.png  used on input line 263.
(pdftex.def)             Requested size: 122.30174pt x 125.65105pt.


[60]

Package caption Warning: The option `hypcap=true' will be ignored for this
(caption)                particular \caption on input line 270.
See the caption package documentation for explanation.

File: Content/Images/Escudo_UD.png Graphic file (type png)
<use Content/Images/Escudo_UD.png>
Package pdftex.def Info: Content/Images/Escudo_UD.png  used on input line 272.
(pdftex.def)             Requested size: 122.30174pt x 125.65105pt.

Package caption Warning: The option `hypcap=true' will be ignored for this
(caption)                particular \caption on input line 279.
See the caption package documentation for explanation.

File: Content/Images/Escudo_UD.png Graphic file (type png)
<use Content/Images/Escudo_UD.png>
Package pdftex.def Info: Content/Images/Escudo_UD.png  used on input line 281.
(pdftex.def)             Requested size: 122.30174pt x 125.65105pt.

Package caption Warning: The option `hypcap=true' will be ignored for this
(caption)                particular \caption on input line 288.
See the caption package documentation for explanation.

File: Content/Images/Escudo_UD.png Graphic file (type png)
<use Content/Images/Escudo_UD.png>
Package pdftex.def Info: Content/Images/Escudo_UD.png  used on input line 290.
(pdftex.def)             Requested size: 122.30174pt x 125.65105pt.


[61]

Package caption Warning: The option `hypcap=true' will be ignored for this
(caption)                particular \caption on input line 297.
See the caption package documentation for explanation.

File: Content/Images/Escudo_UD.png Graphic file (type png)
<use Content/Images/Escudo_UD.png>
Package pdftex.def Info: Content/Images/Escudo_UD.png  used on input line 299.
(pdftex.def)             Requested size: 122.30174pt x 125.65105pt.

Package caption Warning: The option `hypcap=true' will be ignored for this
(caption)                particular \caption on input line 306.
See the caption package documentation for explanation.

File: Content/Images/Escudo_UD.png Graphic file (type png)
<use Content/Images/Escudo_UD.png>
Package pdftex.def Info: Content/Images/Escudo_UD.png  used on input line 308.
(pdftex.def)             Requested size: 122.30174pt x 125.65105pt.

Package caption Warning: The option `hypcap=true' will be ignored for this
(caption)                particular \caption on input line 315.
See the caption package documentation for explanation.

File: Content/Images/Escudo_UD.png Graphic file (type png)
<use Content/Images/Escudo_UD.png>
Package pdftex.def Info: Content/Images/Escudo_UD.png  used on input line 317.
(pdftex.def)             Requested size: 122.30174pt x 125.65105pt.


[62]

Package caption Warning: The option `hypcap=true' will be ignored for this
(caption)                particular \caption on input line 324.
See the caption package documentation for explanation.

File: Content/Images/Escudo_UD.png Graphic file (type png)
<use Content/Images/Escudo_UD.png>
Package pdftex.def Info: Content/Images/Escudo_UD.png  used on input line 326.
(pdftex.def)             Requested size: 122.30174pt x 125.65105pt.
) (Content/9.PlanDeNegocio/EstudioLegal.tex

[63]
Underfull \hbox (badness 10000) in paragraph at lines 7--9

 []



[64])

[65] (Content/9.PlanDeNegocio/EstudioAmbiental.tex

[66])) (Content/11.AnalisisInternoExterno/AnalisisInternoExterno.tex (Content/11.AnalisisInternoExterno/MatrizPEYEA.tex

[67]

[68]

Package caption Warning: The option `hypcap=true' will be ignored for this
(caption)                particular \caption on input line 32.
See the caption package documentation for explanation.

<Content/Images/Matriz PEYEA.png, id=871, 770.88pt x 578.16pt>
File: Content/Images/Matriz PEYEA.png Graphic file (type png)
<use Content/Images/Matriz PEYEA.png>
Package pdftex.def Info: Content/Images/Matriz PEYEA.png  used on input line 34.
(pdftex.def)             Requested size: 385.43906pt x 289.07928pt.


[69]

Package caption Warning: The option `hypcap=true' will be ignored for this
(caption)                particular \caption on input line 57.
See the caption package documentation for explanation.

<Content/Images/PEYEA.jpeg, id=880, 1202.4925pt x 752.8125pt>
File: Content/Images/PEYEA.jpeg Graphic file (type jpg)
<use Content/Images/PEYEA.jpeg>
Package pdftex.def Info: Content/Images/PEYEA.jpeg  used on input line 59.
(pdftex.def)             Requested size: 407.66833pt x 255.2177pt.


[70{C:/Users/daredevil769/AppData/Local/Programs/MiKTeX/fonts/enc/dvips/lm/lm-mathit.enc} <./Content/Images/Matriz PEYEA.png>]) (Content/11.AnalisisInternoExterno/MatrizDOFA.tex

LaTeX Warning: Citation 'Dofa' on page 71 undefined on input line 3.



[71 <./Content/Images/PEYEA.jpeg>]

Package caption Warning: The option `hypcap=true' will be ignored for this
(caption)                particular \caption on input line 10.
See the caption package documentation for explanation.

<Content/Images/dofa-ejemplo.jpeg, id=891, 638.385pt x 789.95125pt>
File: Content/Images/dofa-ejemplo.jpeg Graphic file (type jpg)
<use Content/Images/dofa-ejemplo.jpeg>
Package pdftex.def Info: Content/Images/dofa-ejemplo.jpeg  used on input line 12.
(pdftex.def)             Requested size: 489.20074pt x 605.34735pt.

Overfull \hbox (81.53241pt too wide) in paragraph at lines 12--15
 [][] 
 []



[72]

[73 <./Content/Images/dofa-ejemplo.jpeg>]

Package caption Warning: The option `hypcap=true' will be ignored for this
(caption)                particular \caption on input line 27.
See the caption package documentation for explanation.

<Content/Images/Matriz-dofa-proyecto.png, id=903, 770.88pt x 578.16pt>
File: Content/Images/Matriz-dofa-proyecto.png Graphic file (type png)
<use Content/Images/Matriz-dofa-proyecto.png>
Package pdftex.def Info: Content/Images/Matriz-dofa-proyecto.png  used on input line 29.
(pdftex.def)             Requested size: 489.20074pt x 366.89815pt.

Overfull \hbox (81.53241pt too wide) in paragraph at lines 29--31
 [][] 
 []

) (Content/11.AnalisisInternoExterno/AnalisisDOFA.tex

[74]

Package caption Warning: The option `hypcap=true' will be ignored for this
(caption)                particular \caption on input line 4.
See the caption package documentation for explanation.

<Content/Images/analisis-dofa.png, id=909, 770.88pt x 578.16pt>
File: Content/Images/analisis-dofa.png Graphic file (type png)
<use Content/Images/analisis-dofa.png>
Package pdftex.def Info: Content/Images/analisis-dofa.png  used on input line 6.
(pdftex.def)             Requested size: 462.53157pt x 346.89867pt.

Overfull \hbox (54.86324pt too wide) in paragraph at lines 6--8
 [][] 
 []

)))

[75 <./Content/Images/Matriz-dofa-proyecto.png (PNG copy)>]

[76 <./Content/Images/analisis-dofa.png (PNG copy)>] AED endfloat: Processing end Figures and Tables
\gdef \@abspage@last{76}
(main.aux (cover.aux)
LaTeX Info: Redefining \sptext on input line 14.
LaTeX Info: Redefining \. on input line 14.
LaTeX Info: Redefining \% on input line 14.
 (Content/index.aux))
 ***********
LaTeX2e <2024-11-01> patch level 2
L3 programming layer <2025-03-26>
 ***********


LaTeX Warning: There were undefined references.


LaTeX Warning: There were multiply-defined labels.

Package rerunfilecheck Info: File `main.out' has not changed.
(rerunfilecheck)             Checksum: 7A21BC12BE93E613315B65730F673C39;10695.
Package logreq Info: Writing requests to 'main.run.xml'.
\openout1 = `main.run.xml'.

 ) 
Here is how much of TeX's memory you used:
 25327 strings out of 469958
 464883 string characters out of 5466425
 1362872 words of memory out of 5000000
 51333 multiletter control sequences out of 15000+600000
 713660 words of font info for 92 fonts, out of 8000000 for 9000
 1141 hyphenation exceptions out of 8191
 72i,18n,82p,1312b,2907s stack positions out of 10000i,1000n,20000p,200000b,200000s
<C:/Users/daredevil769/AppData/Local/Programs/MiKTeX/fonts/type1/public/lm/lmbx10.pfb><C:/Users/daredevil769/AppData/Local/Programs/MiKTeX/fonts/type1/public/lm/lmbx12.pfb><C:/Users/daredevil769/AppData/Local/Programs/MiKTeX/fonts/type1/public/lm/lmmi12.pfb><C:/Users/daredevil769/AppData/Local/Programs/MiKTeX/fonts/type1/public/lm/lmr10.pfb><C:/Users/daredevil769/AppData/Local/Programs/MiKTeX/fonts/type1/public/lm/lmr12.pfb><C:/Users/daredevil769/AppData/Local/Programs/MiKTeX/fonts/type1/public/lm/lmr6.pfb><C:/Users/daredevil769/AppData/Local/Programs/MiKTeX/fonts/type1/public/lm/lmri12.pfb><C:/Users/daredevil769/AppData/Local/Programs/MiKTeX/fonts/type1/public/lm/lmri7.pfb><C:/Users/daredevil769/AppData/Local/Programs/MiKTeX/fonts/type1/public/lm/lmri8.pfb><C:/Users/daredevil769/AppData/Local/Programs/MiKTeX/fonts/type1/public/lm/lmsy10.pfb>
Output written on main.pdf (76 pages, 1722303 bytes).
PDF statistics:
 1034 PDF objects out of 1200 (max. 8388607)
 276 named destinations out of 1000 (max. 500000)
 627 words of extra memory for PDF output out of 10000 (max. 10000000)

