\BOOKMARK [1][-]{section*.4}{\376\377\000R\000e\000s\000u\000m\000e\000n}{}% 1
\BOOKMARK [1][-]{section*.5}{\376\377\000C\000o\000r\000r\000e\000c\000c\000i\000o\000n\000e\000s}{}% 2
\BOOKMARK [1][-]{section*.6}{\376\377\000I\000n\000t\000r\000o\000d\000u\000c\000c\000i\000\363\000n}{}% 3
\BOOKMARK [1][-]{section*.7}{\376\377\000P\000l\000a\000n\000t\000e\000a\000m\000i\000e\000n\000t\000o\000\040\000d\000e\000l\000\040\000p\000r\000o\000b\000l\000e\000m\000a}{}% 4
\BOOKMARK [2][-]{section*.9}{\376\377\000D\000e\000s\000c\000r\000i\000p\000c\000i\000\363\000n\000\040\000d\000e\000l\000\040\000P\000r\000o\000b\000l\000e\000m\000a}{section*.7}% 5
\BOOKMARK [2][-]{section*.10}{\376\377\000F\000o\000r\000m\000u\000l\000a\000c\000i\000\363\000n\000\040\000d\000e\000l\000\040\000P\000r\000o\000b\000l\000e\000m\000a}{section*.7}% 6
\BOOKMARK [2][-]{section*.11}{\376\377\000J\000u\000s\000t\000i\000f\000i\000c\000a\000c\000i\000o\000n\000\040\000d\000e\000l\000\040\000p\000r\000o\000b\000l\000e\000m\000a}{section*.7}% 7
\BOOKMARK [1][-]{section*.13}{\376\377\000O\000b\000j\000e\000t\000i\000v\000o\000s}{}% 8
\BOOKMARK [2][-]{section*.14}{\376\377\000O\000b\000j\000e\000t\000i\000v\000o\000\040\000G\000e\000n\000e\000r\000a\000l}{section*.13}% 9
\BOOKMARK [2][-]{section*.15}{\376\377\000O\000b\000j\000e\000t\000i\000v\000o\000s\000\040\000E\000s\000p\000e\000c\000\355\000f\000i\000c\000o\000s}{section*.13}% 10
\BOOKMARK [1][-]{section*.16}{\376\377\000M\000a\000r\000c\000o\000\040\000T\000e\000\363\000r\000i\000c\000o}{}% 11
\BOOKMARK [2][-]{section*.17}{\376\377\000A\000n\000a\000l\000i\000s\000i\000s\000\040\000d\000e\000\040\000c\000o\000m\000p\000e\000t\000e\000n\000c\000i\000a}{section*.16}% 12
\BOOKMARK [1][-]{section*.21}{\376\377\000A\000n\000t\000e\000c\000e\000d\000e\000n\000t\000e\000s}{}% 13
\BOOKMARK [2][-]{section*.22}{\376\377\000A\000n\000t\000e\000c\000e\000d\000e\000n\000t\000e\000s\000\040\000N\000a\000c\000i\000o\000n\000a\000l\000e\000s\000\040\000\050\000C\000o\000l\000o\000m\000b\000i\000a\000\051\000:\000\040}{section*.21}% 14
\BOOKMARK [2][-]{section*.23}{\376\377\000A\000n\000t\000e\000c\000e\000d\000e\000n\000t\000e\000s\000\040\000I\000n\000t\000e\000r\000n\000a\000c\000i\000o\000n\000a\000l\000e\000s\000:\000\040}{section*.21}% 15
\BOOKMARK [2][-]{section*.24}{\376\377\000C\000o\000n\000c\000e\000p\000t\000o\000s\000\040\000d\000e\000l\000\040\000M\000o\000d\000e\000l\000o\000\040\000d\000e\000\040\000N\000e\000g\000o\000c\000i\000o}{section*.21}% 16
\BOOKMARK [2][-]{section*.25}{\376\377\000M\000o\000d\000e\000l\000o\000\040\000d\000e\000\040\000n\000e\000g\000o\000c\000i\000o\000:\000\040}{section*.21}% 17
\BOOKMARK [2][-]{section*.26}{\376\377\000M\000o\000d\000e\000l\000o\000\040\000c\000a\000n\000v\000a}{section*.21}% 18
\BOOKMARK [2][-]{section*.28}{\376\377\000N\000\363\000m\000a\000d\000a\000\040\000d\000i\000g\000i\000t\000a\000l}{section*.21}% 19
\BOOKMARK [2][-]{section*.29}{\376\377\000M\000e\000t\000o\000d\000o\000l\000o\000g\000\355\000a\000\040\000\341\000g\000i\000l}{section*.21}% 20
\BOOKMARK [2][-]{section*.30}{\376\377\000M\000e\000t\000o\000d\000o\000l\000o\000g\000i\000a\000\040\000S\000c\000r\000u\000m\000\040}{section*.21}% 21
\BOOKMARK [2][-]{section*.31}{\376\377\000P\000\341\000g\000i\000n\000a\000\040\000w\000e\000b\000\040}{section*.21}% 22
\BOOKMARK [1][-]{section*.32}{\376\377\000A\000l\000c\000a\000n\000c\000e\000s\000\040\000y\000\040\000l\000i\000m\000i\000t\000a\000c\000i\000o\000n\000e\000s}{}% 23
\BOOKMARK [2][-]{section*.33}{\376\377\000A\000l\000c\000a\000n\000c\000e\000s}{section*.32}% 24
\BOOKMARK [2][-]{section*.34}{\376\377\000L\000i\000m\000i\000t\000a\000c\000i\000o\000n\000e\000s\000\040}{section*.32}% 25
\BOOKMARK [1][-]{section*.35}{\376\377\000M\000o\000d\000e\000l\000o\000\040\000d\000e\000\040\000N\000e\000g\000o\000c\000i\000o}{}% 26
\BOOKMARK [2][-]{section*.37}{\376\377\000S\000e\000g\000m\000e\000n\000t\000o\000\040\000d\000e\000\040\000c\000l\000i\000e\000n\000t\000e\000s\000\040\000\050\000S\000C\000\051}{section*.35}% 27
\BOOKMARK [2][-]{section*.38}{\376\377\000P\000r\000o\000p\000u\000e\000s\000t\000a\000\040\000d\000e\000\040\000v\000a\000l\000o\000r\000\040\000\050\000P\000V\000\051}{section*.35}% 28
\BOOKMARK [2][-]{section*.39}{\376\377\000C\000a\000n\000a\000l\000e\000s\000\040\000d\000e\000\040\000d\000i\000s\000t\000r\000i\000b\000u\000c\000i\000\363\000n\000\040\000\050\000C\000D\000\051}{section*.35}% 29
\BOOKMARK [2][-]{section*.40}{\376\377\000R\000e\000l\000a\000c\000i\000o\000n\000e\000s\000\040\000c\000o\000n\000\040\000c\000l\000i\000e\000n\000t\000e\000s\000\040\000\050\000R\000C\000I\000\051}{section*.35}% 30
\BOOKMARK [2][-]{section*.41}{\376\377\000F\000u\000e\000n\000t\000e\000s\000\040\000d\000e\000\040\000i\000n\000g\000r\000e\000s\000o\000s\000\040\000\050\000F\000I\000\051}{section*.35}% 31
\BOOKMARK [2][-]{section*.42}{\376\377\000R\000e\000c\000u\000r\000s\000o\000s\000\040\000c\000l\000a\000v\000e\000\040\000\050\000R\000C\000\051}{section*.35}% 32
\BOOKMARK [2][-]{section*.43}{\376\377\000A\000c\000t\000i\000v\000i\000d\000a\000d\000e\000s\000\040\000c\000l\000a\000v\000e\000\040\000\050\000A\000C\000\051}{section*.35}% 33
\BOOKMARK [2][-]{section*.44}{\376\377\000A\000s\000o\000c\000i\000a\000c\000i\000o\000n\000e\000s\000\040\000o\000\040\000s\000o\000c\000i\000o\000s\000\040\000c\000l\000a\000v\000e\000\050\000A\000s\000C\000\051}{section*.35}% 34
\BOOKMARK [2][-]{section*.45}{\376\377\000E\000s\000t\000r\000u\000c\000t\000u\000r\000a\000\040\000d\000e\000\040\000c\000o\000s\000t\000o\000s\000\040\000\050\000E\000C\000\051}{section*.35}% 35
\BOOKMARK [1][-]{section*.46}{\376\377\000E\000s\000q\000u\000e\000m\000a\000\040\000d\000e\000\040\000v\000e\000n\000t\000a\000s}{}% 36
\BOOKMARK [2][-]{section*.47}{\376\377\000E\000l\000e\000m\000e\000n\000t\000o\000s\000\040\000c\000l\000a\000v\000e\000\040\000d\000e\000\040\000u\000n\000\040\000e\000s\000q\000u\000e\000m\000a\000\040\000d\000e\000\040\000v\000e\000n\000t\000a\000s\000:}{section*.46}% 37
\BOOKMARK [2][-]{section*.48}{\376\377\000E\000s\000q\000u\000e\000m\000a\000\040\000d\000e\000\040\000v\000e\000n\000t\000a\000s\000\040\000a\000p\000l\000i\000c\000a\000d\000o}{section*.46}% 38
\BOOKMARK [1][-]{section*.49}{\376\377\000M\000e\000t\000o\000d\000o\000l\000o\000g\000\355\000a}{}% 39
\BOOKMARK [2][-]{section*.50}{\376\377\000F\000a\000s\000e\000\040\0001\000:\000\040\000P\000r\000e\000s\000e\000n\000t\000a\000c\000i\000\363\000n\000\040\000y\000\040\000c\000o\000m\000p\000r\000o\000m\000i\000s\000o\000\040\000d\000e\000l\000\040\000e\000q\000u\000i\000p\000o}{section*.49}% 40
\BOOKMARK [3][-]{section*.52}{\376\377\000F\000a\000s\000e\000\040\0002\000:\000\040\000A\000n\000\341\000l\000i\000s\000i\000s\000\040\000d\000e\000\040\000l\000a\000\040\000s\000i\000t\000u\000a\000c\000i\000\363\000n}{section*.50}% 41
\BOOKMARK [3][-]{section*.54}{\376\377\000F\000a\000s\000e\000\040\0003\000:\000\040\000D\000e\000f\000i\000n\000i\000c\000i\000\363\000n\000\040\000d\000e\000\040\000l\000a\000\040\000e\000m\000p\000r\000e\000s\000a}{section*.50}% 42
\BOOKMARK [3][-]{section*.56}{\376\377\000F\000a\000s\000e\000\040\0004\000:\000\040\000E\000s\000t\000r\000u\000c\000t\000u\000r\000a\000c\000i\000\363\000n}{section*.50}% 43
\BOOKMARK [2][-]{section*.58}{\376\377\000C\000r\000o\000n\000o\000g\000r\000a\000m\000a}{section*.49}% 44
\BOOKMARK [2][-]{section*.60}{\376\377\000E\000s\000t\000r\000u\000c\000t\000u\000r\000a\000\040\000i\000d\000e\000o\000l\000\363\000g\000i\000c\000a}{section*.49}% 45
\BOOKMARK [2][-]{section*.61}{\376\377\000E\000n\000t\000o\000r\000n\000o}{section*.49}% 46
\BOOKMARK [2][-]{section*.62}{\376\377\000E\000s\000t\000r\000u\000c\000t\000u\000r\000a\000\040\000m\000e\000c\000\341\000n\000i\000c\000a}{section*.49}% 47
\BOOKMARK [2][-]{section*.63}{\376\377\000E\000s\000t\000r\000u\000c\000t\000u\000r\000a\000\040\000f\000i\000n\000a\000n\000c\000i\000e\000r\000a}{section*.49}% 48
\BOOKMARK [2][-]{section*.64}{\376\377\000R\000e\000c\000u\000r\000s\000o\000s\000\040\000h\000u\000m\000a\000n\000o\000s}{section*.49}% 49
\BOOKMARK [1][-]{section*.65}{\376\377\000I\000n\000f\000o\000r\000m\000a\000c\000i\000\363\000n\000\040\000d\000e\000\040\000l\000a\000\040\000e\000m\000p\000r\000e\000s\000a}{}% 50
\BOOKMARK [2][-]{section*.66}{\376\377\000M\000i\000s\000i\000\363\000n}{section*.65}% 51
\BOOKMARK [2][-]{section*.67}{\376\377\000V\000i\000s\000i\000\363\000n}{section*.65}% 52
\BOOKMARK [2][-]{section*.68}{\376\377\000V\000a\000l\000o\000r\000e\000s}{section*.65}% 53
\BOOKMARK [2][-]{section*.69}{\376\377\000M\000o\000d\000e\000l\000o\000\040\000o\000r\000g\000a\000n\000i\000z\000a\000c\000i\000o\000n\000a\000l}{section*.65}% 54
\BOOKMARK [1][-]{section*.70}{\376\377\000P\000l\000a\000n\000\040\000d\000e\000\040\000n\000e\000g\000o\000c\000i\000o}{}% 55
\BOOKMARK [2][-]{section*.71}{\376\377\000E\000s\000t\000u\000d\000i\000o\000\040\000d\000e\000\040\000m\000e\000r\000c\000a\000d\000o}{section*.70}% 56
\BOOKMARK [2][-]{section*.81}{\376\377\000S\000t\000a\000k\000e\000h\000o\000l\000d\000e\000r\000s}{section*.70}% 57
\BOOKMARK [2][-]{section*.82}{\376\377\000E\000s\000t\000u\000d\000i\000o\000\040\000t\000\351\000c\000n\000i\000c\000o}{section*.70}% 58
\BOOKMARK [2][-]{section*.83}{\376\377\000T\000a\000m\000a\000\361\000o}{section*.70}% 59
\BOOKMARK [2][-]{section*.88}{\376\377\000E\000q\000u\000i\000p\000o\000\040\000d\000e\000\040\000t\000r\000a\000b\000a\000j\000o}{section*.70}% 60
\BOOKMARK [2][-]{section*.91}{\376\377\000P\000r\000o\000t\000o\000t\000i\000p\000o\000\040\000m\000\355\000n\000i\000m\000o\000\040\000v\000i\000a\000b\000l\000e}{section*.70}% 61
\BOOKMARK [2][-]{section*.92}{\376\377\000E\000s\000t\000u\000d\000i\000o\000\040\000l\000e\000g\000a\000l}{section*.70}% 62
\BOOKMARK [2][-]{section*.97}{\376\377\000E\000s\000t\000u\000d\000i\000o\000\040\000A\000m\000b\000i\000e\000n\000t\000a\000l}{section*.70}% 63
\BOOKMARK [1][-]{section*.100}{\376\377\000A\000n\000\341\000l\000i\000s\000i\000s\000\040\000f\000i\000n\000a\000n\000c\000i\000e\000r\000o}{}% 64
\BOOKMARK [2][-]{section*.101}{\376\377\000I\000n\000v\000e\000r\000s\000i\000\363\000n\000\040\000I\000n\000i\000c\000i\000a\000l}{section*.100}% 65
\BOOKMARK [2][-]{section*.102}{\376\377\000E\000s\000t\000a\000b\000l\000e\000c\000i\000m\000i\000e\000n\000t\000o}{section*.100}% 66
\BOOKMARK [3][-]{section*.103}{\376\377\000A\000c\000t\000i\000v\000o\000s\000\040\000f\000i\000j\000o\000s\000\040\000t\000a\000n\000g\000i\000b\000l\000e\000s}{section*.102}% 67
\BOOKMARK [3][-]{section*.104}{\376\377\000A\000c\000t\000i\000v\000o\000s\000\040\000f\000i\000j\000o\000s\000\040\000i\000n\000t\000a\000n\000g\000i\000b\000l\000e\000s}{section*.102}% 68
\BOOKMARK [3][-]{section*.105}{\376\377\000T\000o\000t\000a\000l\000\040\000a\000c\000t\000i\000v\000o\000s\000\040\000f\000i\000j\000o\000s}{section*.102}% 69
\BOOKMARK [3][-]{section*.106}{\376\377\000F\000i\000n\000a\000n\000c\000i\000a\000m\000i\000e\000n\000t\000o}{section*.102}% 70
\BOOKMARK [2][-]{section*.107}{\376\377\000I\000n\000g\000r\000e\000s\000o\000s\000\040\000y\000\040\000e\000g\000r\000e\000s\000o\000s}{section*.100}% 71
\BOOKMARK [3][-]{section*.108}{\376\377\000I\000n\000g\000r\000e\000s\000o\000s}{section*.107}% 72
\BOOKMARK [3][-]{section*.109}{\376\377\000E\000g\000r\000e\000s\000o\000s}{section*.107}% 73
\BOOKMARK [2][-]{section*.110}{\376\377\000P\000r\000o\000y\000e\000c\000c\000i\000\363\000n\000\040\000d\000e\000\040\000v\000e\000n\000t\000a\000s}{section*.100}% 74
\BOOKMARK [2][-]{section*.111}{\376\377\000A\000m\000o\000r\000t\000i\000z\000a\000c\000i\000\363\000n\000\040\000y\000\040\000d\000e\000p\000r\000e\000c\000i\000a\000c\000i\000\363\000n}{section*.100}% 75
\BOOKMARK [3][-]{section*.112}{\376\377\000P\000r\000\351\000s\000t\000a\000m\000o}{section*.111}% 76
\BOOKMARK [3][-]{section*.113}{\376\377\000A\000m\000o\000r\000t\000i\000z\000a\000c\000i\000\363\000n}{section*.111}% 77
\BOOKMARK [3][-]{section*.114}{\376\377\000D\000e\000p\000r\000e\000c\000i\000a\000c\000i\000\363\000n}{section*.111}% 78
\BOOKMARK [2][-]{section*.115}{\376\377\000B\000a\000l\000a\000n\000c\000e\000\040\000G\000e\000n\000e\000r\000a\000l}{section*.100}% 79
\BOOKMARK [2][-]{section*.116}{\376\377\000E\000s\000t\000a\000d\000o\000\040\000d\000e\000\040\000r\000e\000s\000u\000l\000t\000a\000d\000o\000s}{section*.100}% 80
\BOOKMARK [2][-]{section*.117}{\376\377\000F\000l\000u\000j\000o\000\040\000d\000e\000\040\000c\000a\000j\000a}{section*.100}% 81
\BOOKMARK [2][-]{section*.118}{\376\377\000F\000l\000u\000j\000o\000\040\000d\000e\000\040\000e\000f\000e\000c\000t\000i\000v\000o}{section*.100}% 82
\BOOKMARK [2][-]{section*.119}{\376\377\000P\000u\000n\000t\000o\000\040\000d\000e\000\040\000e\000q\000u\000i\000l\000i\000b\000r\000i\000o}{section*.100}% 83
\BOOKMARK [2][-]{section*.120}{\376\377\000E\000s\000t\000a\000d\000o\000\040\000d\000e\000\040\000f\000u\000e\000n\000t\000e\000\040\000y\000\040\000u\000s\000o\000s}{section*.100}% 84
\BOOKMARK [2][-]{section*.121}{\376\377\000I\000n\000d\000i\000c\000a\000d\000o\000r\000e\000s\000\040\000F\000i\000n\000a\000n\000c\000i\000e\000r\000o\000s}{section*.100}% 85
\BOOKMARK [1][-]{section*.122}{\376\377\000A\000n\000\341\000l\000i\000s\000i\000s\000\040\000i\000n\000t\000e\000r\000n\000o\000\040\000y\000\040\000e\000x\000t\000e\000r\000n\000o}{}% 86
\BOOKMARK [2][-]{section*.123}{\376\377\000M\000a\000t\000r\000i\000z\000\040\000P\000E\000Y\000E\000A}{section*.122}% 87
\BOOKMARK [2][-]{section*.124}{\376\377\000P\000a\000s\000o\000s\000\040\000p\000a\000r\000a\000\040\000e\000l\000a\000b\000o\000r\000a\000r\000\040\000u\000n\000a\000\040\000m\000a\000t\000r\000i\000z\000\040\000P\000E\000Y\000E\000A}{section*.122}% 88
\BOOKMARK [2][-]{section*.125}{\376\377\000M\000a\000t\000r\000i\000z\000\040\000D\000O\000F\000A}{section*.122}% 89
\BOOKMARK [2][-]{section*.126}{\376\377\000A\000n\000\341\000l\000i\000s\000i\000s\000\040\000D\000O\000F\000A}{section*.122}% 90
\BOOKMARK [1][-]{section*.127}{\376\377\000A\000n\000\341\000l\000i\000s\000i\000s\000\040\000d\000e\000\040\000r\000i\000e\000s\000g\000o}{}% 91
\BOOKMARK [2][-]{section*.128}{\376\377\000F\000a\000c\000t\000o\000r\000e\000s\000\040\000l\000i\000m\000i\000t\000a\000n\000t\000e\000s\000\040\000y\000\040\000o\000b\000s\000t\000\341\000c\000u\000l\000o\000s}{section*.127}% 92
\BOOKMARK [2][-]{section*.129}{\376\377\000F\000a\000c\000t\000o\000r\000e\000s\000\040\000c\000l\000a\000v\000e\000s\000\040\000d\000e\000\040\000\351\000x\000i\000t\000o}{section*.127}% 93
\BOOKMARK [2][-]{section*.130}{\376\377\000R\000i\000e\000s\000g\000o\000s\000\040\000l\000e\000g\000a\000l\000e\000s}{section*.127}% 94
\BOOKMARK [1][-]{section*.131}{\376\377\000R\000i\000e\000s\000g\000o\000s\000\040\000o\000p\000e\000r\000a\000c\000i\000o\000n\000a\000l\000e\000s}{}% 95
\BOOKMARK [1][-]{section*.132}{\376\377\000I\000m\000p\000a\000c\000t\000o\000s}{}% 96
\BOOKMARK [2][-]{section*.133}{\376\377\000I\000m\000p\000a\000c\000t\000o\000\040\000s\000o\000c\000i\000a\000l}{section*.132}% 97
\BOOKMARK [2][-]{section*.134}{\376\377\000I\000m\000p\000a\000c\000t\000o\000\040\000A\000m\000b\000i\000e\000n\000t\000a\000l}{section*.132}% 98
\BOOKMARK [2][-]{section*.135}{\376\377\000I\000m\000p\000a\000c\000t\000o\000\040\000e\000c\000o\000n\000\363\000m\000i\000c\000o}{section*.132}% 99
\BOOKMARK [1][-]{section*.136}{\376\377\000C\000o\000n\000c\000l\000u\000s\000i\000o\000n\000e\000s}{}% 100
\BOOKMARK [1][-]{section*.137}{\376\377\000r\000e\000f\000e\000r\000e\000n\000c\000i\000a\000s}{}% 101
\BOOKMARK [1][-]{section*.139}{\376\377\000A\000n\000e\000x\000o\000s}{}% 102
\BOOKMARK [2][-]{section*.140}{\376\377\000M\000a\000n\000u\000a\000l\000\040\000d\000e\000\040\000u\000s\000u\000a\000r\000i\000o}{section*.139}% 103
\BOOKMARK [3][-]{section*.141}{\376\377\000M\000e\000n\000\372\000\040\000d\000e\000\040\000N\000a\000v\000e\000g\000a\000c\000i\000\363\000n}{section*.140}% 104
